<?xml version="1.0" encoding="UTF-8"?>
<coverage generated="1690788658603" clover="3.2.0">
  <project timestamp="1690788658603" name="All files">
    <metrics statements="763" coveredstatements="289" conditionals="423" coveredconditionals="135" methods="46" coveredmethods="35" elements="1232" coveredelements="459" complexity="0" loc="763" ncloc="763" packages="1" files="1" classes="1"/>
    <file name="index.js" path="C:\Users\Lorenzo\Documents\00000M1\.travail\.watteco_repo\Codec-API-LoRaWAN\model_actility\index.js">
      <metrics statements="763" coveredstatements="289" conditionals="423" coveredconditionals="135" methods="46" coveredmethods="35"/>
      <line num="1" count="1" type="stmt"/>
      <line num="2" count="1" type="cond" truecount="3" falsecount="1"/>
      <line num="3" count="1" type="stmt"/>
      <line num="4" count="0" type="cond" truecount="0" falsecount="4"/>
      <line num="5" count="0" type="stmt"/>
      <line num="6" count="0" type="cond" truecount="0" falsecount="2"/>
      <line num="7" count="0" type="stmt"/>
      <line num="9" count="0" type="stmt"/>
      <line num="11" count="1" type="stmt"/>
      <line num="12" count="1" type="stmt"/>
      <line num="17" count="1" type="stmt"/>
      <line num="18" count="1" type="stmt"/>
      <line num="19" count="1" type="stmt"/>
      <line num="20" count="1" type="stmt"/>
      <line num="21" count="1" type="stmt"/>
      <line num="22" count="1" type="stmt"/>
      <line num="23" count="1" type="stmt"/>
      <line num="24" count="1" type="stmt"/>
      <line num="25" count="1" type="stmt"/>
      <line num="26" count="1" type="stmt"/>
      <line num="27" count="1" type="stmt"/>
      <line num="28" count="1" type="stmt"/>
      <line num="29" count="1" type="stmt"/>
      <line num="30" count="1" type="stmt"/>
      <line num="31" count="1" type="stmt"/>
      <line num="32" count="1" type="stmt"/>
      <line num="33" count="1" type="stmt"/>
      <line num="34" count="1" type="stmt"/>
      <line num="35" count="1" type="stmt"/>
      <line num="36" count="1" type="stmt"/>
      <line num="37" count="1" type="stmt"/>
      <line num="38" count="1" type="stmt"/>
      <line num="39" count="1" type="stmt"/>
      <line num="40" count="1" type="stmt"/>
      <line num="41" count="1" type="stmt"/>
      <line num="42" count="1" type="stmt"/>
      <line num="43" count="1" type="stmt"/>
      <line num="44" count="1" type="stmt"/>
      <line num="45" count="1" type="stmt"/>
      <line num="46" count="1" type="stmt"/>
      <line num="102" count="1" type="cond" truecount="1" falsecount="1"/>
      <line num="103" count="0" type="cond" truecount="0" falsecount="2"/>
      <line num="104" count="0" type="cond" truecount="0" falsecount="2"/>
      <line num="105" count="0" type="stmt"/>
      <line num="108" count="1" type="stmt"/>
      <line num="109" count="1" type="stmt"/>
      <line num="110" count="1" type="stmt"/>
      <line num="111" count="1" type="stmt"/>
      <line num="112" count="1" type="stmt"/>
      <line num="113" count="1" type="stmt"/>
      <line num="114" count="1" type="stmt"/>
      <line num="115" count="1" type="stmt"/>
      <line num="116" count="1" type="cond" truecount="1" falsecount="1"/>
      <line num="117" count="0" type="stmt"/>
      <line num="119" count="1" type="stmt"/>
      <line num="120" count="1" type="stmt"/>
      <line num="123" count="1" type="stmt"/>
      <line num="124" count="1" type="stmt"/>
      <line num="125" count="1" type="stmt"/>
      <line num="126" count="16" type="stmt"/>
      <line num="131" count="16" type="stmt"/>
      <line num="133" count="1" type="stmt"/>
      <line num="139" count="1" type="cond" truecount="3" falsecount="1"/>
      <line num="141" count="0" type="cond" truecount="0" falsecount="2"/>
      <line num="142" count="0" type="stmt"/>
      <line num="144" count="0" type="stmt"/>
      <line num="146" count="1" type="stmt"/>
      <line num="150" count="30" type="stmt"/>
      <line num="153" count="1" type="stmt"/>
      <line num="154" count="1" type="stmt"/>
      <line num="155" count="15" type="stmt"/>
      <line num="156" count="15" type="stmt"/>
      <line num="158" count="1" type="stmt"/>
      <line num="163" count="16" type="stmt"/>
      <line num="164" count="16" type="stmt"/>
      <line num="165" count="16" type="cond" truecount="1" falsecount="1"/>
      <line num="166" count="0" type="stmt"/>
      <line num="168" count="16" type="stmt"/>
      <line num="169" count="16" type="stmt"/>
      <line num="170" count="16" type="stmt"/>
      <line num="171" count="68" type="cond" truecount="2" falsecount="0"/>
      <line num="172" count="54" type="stmt"/>
      <line num="174" count="68" type="stmt"/>
      <line num="175" count="68" type="stmt"/>
      <line num="176" count="68" type="stmt"/>
      <line num="178" count="16" type="stmt"/>
      <line num="180" count="1" type="stmt"/>
      <line num="184" count="11" type="cond" truecount="2" falsecount="0"/>
      <line num="185" count="11" type="stmt"/>
      <line num="186" count="11" type="stmt"/>
      <line num="187" count="11" type="cond" truecount="2" falsecount="2"/>
      <line num="188" count="0" type="stmt"/>
      <line num="190" count="11" type="stmt"/>
      <line num="191" count="11" type="stmt"/>
      <line num="192" count="11" type="stmt"/>
      <line num="193" count="11" type="cond" truecount="4" falsecount="0"/>
      <line num="194" count="5" type="stmt"/>
      <line num="196" count="11" type="stmt"/>
      <line num="197" count="17" type="stmt"/>
      <line num="198" count="17" type="stmt"/>
      <line num="199" count="99" type="stmt"/>
      <line num="200" count="99" type="cond" truecount="2" falsecount="0"/>
      <line num="201" count="34" type="stmt"/>
      <line num="203" count="99" type="stmt"/>
      <line num="204" count="99" type="stmt"/>
      <line num="205" count="99" type="stmt"/>
      <line num="207" count="17" type="stmt"/>
      <line num="208" count="17" type="stmt"/>
      <line num="210" count="11" type="cond" truecount="6" falsecount="1"/>
      <line num="211" count="0" type="stmt"/>
      <line num="212" count="0" type="stmt"/>
      <line num="213" count="0" type="stmt"/>
      <line num="216" count="11" type="stmt"/>
      <line num="219" count="3" type="stmt"/>
      <line num="220" count="16" type="stmt"/>
      <line num="221" count="16" type="stmt"/>
      <line num="222" count="212" type="cond" truecount="2" falsecount="0"/>
      <line num="226" count="3" type="stmt"/>
      <line num="227" count="3" type="stmt"/>
      <line num="231" count="0" type="stmt"/>
      <line num="236" count="1" type="stmt"/>
      <line num="237" count="1" type="stmt"/>
      <line num="238" count="2" type="stmt"/>
      <line num="240" count="1" type="stmt"/>
      <line num="248" count="1" type="stmt"/>
      <line num="249" count="1" type="stmt"/>
      <line num="250" count="1" type="stmt"/>
      <line num="251" count="3" type="stmt"/>
      <line num="255" count="3" type="stmt"/>
      <line num="256" count="3" type="cond" truecount="2" falsecount="0"/>
      <line num="257" count="3" type="stmt"/>
      <line num="258" count="3" type="stmt"/>
      <line num="264" count="3" type="cond" truecount="1" falsecount="1"/>
      <line num="265" count="0" type="stmt"/>
      <line num="266" count="0" type="stmt"/>
      <line num="269" count="1" type="stmt"/>
      <line num="275" count="3" type="stmt"/>
      <line num="291" count="3" type="stmt"/>
      <line num="292" count="6" type="cond" truecount="2" falsecount="0"/>
      <line num="294" count="0" type="stmt"/>
      <line num="297" count="4" type="cond" truecount="2" falsecount="0"/>
      <line num="298" count="3" type="stmt"/>
      <line num="299" count="3" type="stmt"/>
      <line num="301" count="1" type="stmt"/>
      <line num="304" count="3" type="cond" truecount="1" falsecount="1"/>
      <line num="305" count="3" type="cond" truecount="2" falsecount="0"/>
      <line num="306" count="2" type="stmt"/>
      <line num="309" count="1" type="stmt"/>
      <line num="312" count="3" type="stmt"/>
      <line num="313" count="3" type="cond" truecount="1" falsecount="1"/>
      <line num="316" count="0" type="cond" truecount="0" falsecount="2"/>
      <line num="317" count="0" type="stmt"/>
      <line num="318" count="0" type="stmt"/>
      <line num="319" count="0" type="cond" truecount="0" falsecount="4"/>
      <line num="320" count="0" type="cond" truecount="0" falsecount="2"/>
      <line num="321" count="0" type="cond" truecount="0" falsecount="2"/>
      <line num="322" count="0" type="stmt"/>
      <line num="323" count="0" type="stmt"/>
      <line num="324" count="0" type="stmt"/>
      <line num="325" count="0" type="stmt"/>
      <line num="328" count="0" type="cond" truecount="0" falsecount="2"/>
      <line num="329" count="0" type="stmt"/>
      <line num="332" count="0" type="stmt"/>
      <line num="333" count="0" type="stmt"/>
      <line num="334" count="0" type="stmt"/>
      <line num="335" count="0" type="stmt"/>
      <line num="336" count="0" type="stmt"/>
      <line num="337" count="0" type="stmt"/>
      <line num="338" count="0" type="stmt"/>
      <line num="339" count="0" type="stmt"/>
      <line num="340" count="0" type="stmt"/>
      <line num="341" count="0" type="stmt"/>
      <line num="342" count="0" type="stmt"/>
      <line num="343" count="0" type="cond" truecount="0" falsecount="2"/>
      <line num="344" count="0" type="stmt"/>
      <line num="345" count="0" type="stmt"/>
      <line num="349" count="0" type="cond" truecount="0" falsecount="2"/>
      <line num="351" count="0" type="stmt"/>
      <line num="354" count="0" type="cond" truecount="0" falsecount="2"/>
      <line num="356" count="0" type="cond" truecount="0" falsecount="2"/>
      <line num="357" count="0" type="stmt"/>
      <line num="358" count="0" type="stmt"/>
      <line num="359" count="0" type="stmt"/>
      <line num="363" count="0" type="stmt"/>
      <line num="367" count="0" type="stmt"/>
      <line num="368" count="0" type="stmt"/>
      <line num="372" count="0" type="stmt"/>
      <line num="375" count="0" type="stmt"/>
      <line num="376" count="0" type="stmt"/>
      <line num="377" count="0" type="stmt"/>
      <line num="378" count="0" type="stmt"/>
      <line num="379" count="0" type="stmt"/>
      <line num="380" count="0" type="cond" truecount="0" falsecount="2"/>
      <line num="381" count="0" type="cond" truecount="0" falsecount="2"/>
      <line num="383" count="0" type="cond" truecount="0" falsecount="2"/>
      <line num="384" count="0" type="stmt"/>
      <line num="385" count="0" type="stmt"/>
      <line num="391" count="0" type="stmt"/>
      <line num="393" count="0" type="stmt"/>
      <line num="394" count="0" type="stmt"/>
      <line num="396" count="0" type="stmt"/>
      <line num="402" count="0" type="stmt"/>
      <line num="403" count="0" type="cond" truecount="0" falsecount="2"/>
      <line num="404" count="0" type="cond" truecount="0" falsecount="2"/>
      <line num="405" count="0" type="stmt"/>
      <line num="408" count="0" type="cond" truecount="0" falsecount="2"/>
      <line num="409" count="0" type="stmt"/>
      <line num="412" count="0" type="stmt"/>
      <line num="413" count="0" type="stmt"/>
      <line num="414" count="0" type="stmt"/>
      <line num="415" count="0" type="stmt"/>
      <line num="416" count="0" type="stmt"/>
      <line num="417" count="0" type="cond" truecount="0" falsecount="2"/>
      <line num="418" count="0" type="stmt"/>
      <line num="419" count="0" type="stmt"/>
      <line num="421" count="0" type="stmt"/>
      <line num="424" count="0" type="stmt"/>
      <line num="428" count="0" type="stmt"/>
      <line num="429" count="0" type="stmt"/>
      <line num="430" count="0" type="cond" truecount="0" falsecount="2"/>
      <line num="432" count="0" type="stmt"/>
      <line num="433" count="0" type="cond" truecount="0" falsecount="2"/>
      <line num="435" count="0" type="stmt"/>
      <line num="438" count="0" type="cond" truecount="0" falsecount="2"/>
      <line num="439" count="0" type="stmt"/>
      <line num="440" count="0" type="stmt"/>
      <line num="441" count="0" type="stmt"/>
      <line num="445" count="0" type="stmt"/>
      <line num="448" count="1" type="stmt"/>
      <line num="452" count="1" type="cond" truecount="1" falsecount="1"/>
      <line num="453" count="1" type="stmt"/>
      <line num="458" count="16" type="stmt"/>
      <line num="460" count="3" type="stmt"/>
      <line num="469" count="3" type="cond" truecount="1" falsecount="1"/>
      <line num="470" count="3" type="cond" truecount="1" falsecount="1"/>
      <line num="471" count="3" type="stmt"/>
      <line num="477" count="3" type="stmt"/>
      <line num="482" count="1" type="stmt"/>
      <line num="485" count="3" type="stmt"/>
      <line num="488" count="1" type="stmt"/>
      <line num="489" count="1" type="stmt"/>
      <line num="490" count="1" type="stmt"/>
      <line num="491" count="1" type="stmt"/>
      <line num="492" count="1" type="stmt"/>
      <line num="493" count="3" type="stmt"/>
      <line num="494" count="3" type="stmt"/>
      <line num="499" count="3" type="stmt"/>
      <line num="501" count="1" type="stmt"/>
      <line num="504" count="1" type="stmt"/>
      <line num="511" count="1" type="stmt"/>
      <line num="512" count="1" type="stmt"/>
      <line num="514" count="10" type="stmt"/>
      <line num="516" count="1" type="stmt"/>
      <line num="524" count="1" type="stmt"/>
      <line num="525" count="1" type="stmt"/>
      <line num="527" count="10" type="stmt"/>
      <line num="528" count="10" type="stmt"/>
      <line num="529" count="10" type="stmt"/>
      <line num="531" count="10" type="stmt"/>
      <line num="532" count="10" type="stmt"/>
      <line num="533" count="10" type="stmt"/>
      <line num="535" count="10" type="cond" truecount="2" falsecount="0"/>
      <line num="536" count="1" type="stmt"/>
      <line num="542" count="1" type="stmt"/>
      <line num="543" count="1" type="stmt"/>
      <line num="544" count="1" type="stmt"/>
      <line num="549" count="0" type="stmt"/>
      <line num="555" count="9" type="stmt"/>
      <line num="561" count="0" type="stmt"/>
      <line num="568" count="1" type="stmt"/>
      <line num="576" count="2" type="cond" truecount="3" falsecount="1"/>
      <line num="577" count="2" type="cond" truecount="2" falsecount="2"/>
      <line num="578" count="2" type="cond" truecount="2" falsecount="2"/>
      <line num="579" count="2" type="stmt"/>
      <line num="582" count="0" type="cond" truecount="0" falsecount="2"/>
      <line num="583" count="0" type="stmt"/>
      <line num="584" count="0" type="stmt"/>
      <line num="585" count="0" type="cond" truecount="0" falsecount="4"/>
      <line num="586" count="0" type="cond" truecount="0" falsecount="2"/>
      <line num="587" count="0" type="cond" truecount="0" falsecount="2"/>
      <line num="588" count="0" type="stmt"/>
      <line num="589" count="0" type="stmt"/>
      <line num="590" count="0" type="stmt"/>
      <line num="591" count="0" type="stmt"/>
      <line num="595" count="0" type="cond" truecount="0" falsecount="2"/>
      <line num="596" count="0" type="stmt"/>
      <line num="597" count="0" type="stmt"/>
      <line num="599" count="0" type="stmt"/>
      <line num="600" count="0" type="cond" truecount="0" falsecount="2"/>
      <line num="602" count="0" type="stmt"/>
      <line num="603" count="0" type="stmt"/>
      <line num="605" count="0" type="stmt"/>
      <line num="606" count="0" type="stmt"/>
      <line num="607" count="0" type="stmt"/>
      <line num="609" count="0" type="stmt"/>
      <line num="611" count="0" type="cond" truecount="0" falsecount="5"/>
      <line num="612" count="0" type="stmt"/>
      <line num="613" count="0" type="stmt"/>
      <line num="616" count="27" type="stmt"/>
      <line num="617" count="27" type="cond" truecount="3" falsecount="1"/>
      <line num="618" count="27" type="stmt"/>
      <line num="619" count="47" type="stmt"/>
      <line num="621" count="27" type="stmt"/>
      <line num="624" count="0" type="stmt"/>
      <line num="625" count="0" type="stmt"/>
      <line num="626" count="0" type="stmt"/>
      <line num="627" count="0" type="stmt"/>
      <line num="629" count="0" type="stmt"/>
      <line num="632" count="10" type="stmt"/>
      <line num="633" count="10" type="stmt"/>
      <line num="634" count="10" type="stmt"/>
      <line num="635" count="10" type="stmt"/>
      <line num="636" count="10" type="stmt"/>
      <line num="637" count="10" type="stmt"/>
      <line num="638" count="10" type="stmt"/>
      <line num="640" count="113" type="stmt"/>
      <line num="641" count="113" type="cond" truecount="2" falsecount="0"/>
      <line num="642" count="113" type="stmt"/>
      <line num="643" count="113" type="stmt"/>
      <line num="644" count="113" type="stmt"/>
      <line num="646" count="10" type="cond" truecount="1" falsecount="1"/>
      <line num="648" count="10" type="stmt"/>
      <line num="649" count="10" type="cond" truecount="2" falsecount="0"/>
      <line num="650" count="9" type="stmt"/>
      <line num="651" count="9" type="stmt"/>
      <line num="652" count="9" type="stmt"/>
      <line num="653" count="9" type="stmt"/>
      <line num="654" count="9" type="stmt"/>
      <line num="655" count="9" type="stmt"/>
      <line num="656" count="9" type="stmt"/>
      <line num="657" count="9" type="stmt"/>
      <line num="658" count="9" type="cond" truecount="2" falsecount="0"/>
      <line num="659" count="7" type="stmt"/>
      <line num="660" count="7" type="stmt"/>
      <line num="661" count="7" type="cond" truecount="2" falsecount="0"/>
      <line num="662" count="7" type="cond" truecount="2" falsecount="0"/>
      <line num="663" count="7" type="cond" truecount="2" falsecount="0"/>
      <line num="664" count="7" type="cond" truecount="2" falsecount="0"/>
      <line num="665" count="7" type="cond" truecount="2" falsecount="0"/>
      <line num="666" count="7" type="cond" truecount="2" falsecount="0"/>
      <line num="667" count="7" type="cond" truecount="2" falsecount="0"/>
      <line num="668" count="7" type="cond" truecount="1" falsecount="1"/>
      <line num="669" count="7" type="cond" truecount="1" falsecount="3"/>
      <line num="670" count="7" type="cond" truecount="1" falsecount="1"/>
      <line num="671" count="7" type="cond" truecount="1" falsecount="1"/>
      <line num="673" count="0" type="stmt"/>
      <line num="674" count="0" type="stmt"/>
      <line num="675" count="0" type="stmt"/>
      <line num="676" count="0" type="stmt"/>
      <line num="677" count="0" type="stmt"/>
      <line num="678" count="0" type="stmt"/>
      <line num="679" count="0" type="stmt"/>
      <line num="680" count="0" type="stmt"/>
      <line num="681" count="0" type="stmt"/>
      <line num="682" count="0" type="stmt"/>
      <line num="684" count="7" type="cond" truecount="1" falsecount="1"/>
      <line num="685" count="7" type="cond" truecount="1" falsecount="1"/>
      <line num="687" count="0" type="stmt"/>
      <line num="688" count="0" type="stmt"/>
      <line num="689" count="0" type="stmt"/>
      <line num="690" count="0" type="stmt"/>
      <line num="691" count="0" type="stmt"/>
      <line num="693" count="0" type="stmt"/>
      <line num="694" count="0" type="cond" truecount="0" falsecount="2"/>
      <line num="695" count="0" type="stmt"/>
      <line num="696" count="0" type="cond" truecount="0" falsecount="2"/>
      <line num="697" count="0" type="cond" truecount="0" falsecount="2"/>
      <line num="698" count="0" type="cond" truecount="0" falsecount="2"/>
      <line num="700" count="0" type="stmt"/>
      <line num="701" count="0" type="cond" truecount="0" falsecount="2"/>
      <line num="702" count="0" type="cond" truecount="0" falsecount="2"/>
      <line num="703" count="0" type="cond" truecount="0" falsecount="2"/>
      <line num="704" count="0" type="cond" truecount="0" falsecount="2"/>
      <line num="705" count="0" type="cond" truecount="0" falsecount="2"/>
      <line num="706" count="0" type="cond" truecount="0" falsecount="2"/>
      <line num="707" count="0" type="cond" truecount="0" falsecount="2"/>
      <line num="708" count="0" type="cond" truecount="0" falsecount="2"/>
      <line num="709" count="0" type="cond" truecount="0" falsecount="2"/>
      <line num="710" count="0" type="cond" truecount="0" falsecount="2"/>
      <line num="711" count="0" type="cond" truecount="0" falsecount="2"/>
      <line num="713" count="0" type="cond" truecount="0" falsecount="2"/>
      <line num="714" count="0" type="cond" truecount="0" falsecount="2"/>
      <line num="715" count="0" type="cond" truecount="0" falsecount="2"/>
      <line num="716" count="0" type="cond" truecount="0" falsecount="2"/>
      <line num="717" count="0" type="cond" truecount="0" falsecount="2"/>
      <line num="718" count="0" type="cond" truecount="0" falsecount="2"/>
      <line num="719" count="0" type="cond" truecount="0" falsecount="2"/>
      <line num="720" count="0" type="cond" truecount="0" falsecount="2"/>
      <line num="721" count="0" type="cond" truecount="0" falsecount="2"/>
      <line num="722" count="0" type="cond" truecount="0" falsecount="2"/>
      <line num="723" count="0" type="cond" truecount="0" falsecount="2"/>
      <line num="728" count="7" type="cond" truecount="1" falsecount="1"/>
      <line num="730" count="0" type="stmt"/>
      <line num="731" count="0" type="stmt"/>
      <line num="732" count="0" type="stmt"/>
      <line num="733" count="0" type="stmt"/>
      <line num="734" count="0" type="stmt"/>
      <line num="735" count="0" type="stmt"/>
      <line num="736" count="0" type="stmt"/>
      <line num="737" count="0" type="stmt"/>
      <line num="738" count="0" type="stmt"/>
      <line num="739" count="0" type="stmt"/>
      <line num="740" count="0" type="stmt"/>
      <line num="741" count="0" type="stmt"/>
      <line num="742" count="0" type="stmt"/>
      <line num="743" count="0" type="stmt"/>
      <line num="744" count="0" type="stmt"/>
      <line num="745" count="0" type="stmt"/>
      <line num="746" count="0" type="stmt"/>
      <line num="747" count="0" type="cond" truecount="0" falsecount="2"/>
      <line num="749" count="0" type="cond" truecount="0" falsecount="2"/>
      <line num="750" count="0" type="stmt"/>
      <line num="751" count="0" type="stmt"/>
      <line num="752" count="0" type="stmt"/>
      <line num="753" count="0" type="stmt"/>
      <line num="754" count="0" type="stmt"/>
      <line num="755" count="0" type="stmt"/>
      <line num="757" count="0" type="stmt"/>
      <line num="758" count="0" type="cond" truecount="0" falsecount="2"/>
      <line num="759" count="0" type="stmt"/>
      <line num="761" count="0" type="stmt"/>
      <line num="762" count="0" type="cond" truecount="0" falsecount="2"/>
      <line num="763" count="0" type="stmt"/>
      <line num="765" count="0" type="stmt"/>
      <line num="767" count="0" type="cond" truecount="0" falsecount="2"/>
      <line num="769" count="0" type="cond" truecount="0" falsecount="2"/>
      <line num="770" count="0" type="stmt"/>
      <line num="771" count="0" type="stmt"/>
      <line num="772" count="0" type="stmt"/>
      <line num="773" count="0" type="stmt"/>
      <line num="774" count="0" type="stmt"/>
      <line num="775" count="0" type="stmt"/>
      <line num="777" count="0" type="stmt"/>
      <line num="778" count="0" type="cond" truecount="0" falsecount="2"/>
      <line num="779" count="0" type="stmt"/>
      <line num="781" count="0" type="stmt"/>
      <line num="782" count="0" type="cond" truecount="0" falsecount="2"/>
      <line num="783" count="0" type="stmt"/>
      <line num="785" count="0" type="stmt"/>
      <line num="787" count="0" type="cond" truecount="0" falsecount="2"/>
      <line num="789" count="0" type="cond" truecount="0" falsecount="2"/>
      <line num="790" count="0" type="stmt"/>
      <line num="791" count="0" type="stmt"/>
      <line num="792" count="0" type="stmt"/>
      <line num="793" count="0" type="stmt"/>
      <line num="794" count="0" type="stmt"/>
      <line num="795" count="0" type="stmt"/>
      <line num="797" count="0" type="stmt"/>
      <line num="798" count="0" type="cond" truecount="0" falsecount="2"/>
      <line num="799" count="0" type="stmt"/>
      <line num="801" count="0" type="stmt"/>
      <line num="802" count="0" type="cond" truecount="0" falsecount="2"/>
      <line num="803" count="0" type="stmt"/>
      <line num="805" count="0" type="stmt"/>
      <line num="807" count="0" type="cond" truecount="0" falsecount="2"/>
      <line num="809" count="0" type="cond" truecount="0" falsecount="2"/>
      <line num="810" count="0" type="stmt"/>
      <line num="811" count="0" type="stmt"/>
      <line num="812" count="0" type="stmt"/>
      <line num="813" count="0" type="stmt"/>
      <line num="814" count="0" type="stmt"/>
      <line num="815" count="0" type="stmt"/>
      <line num="817" count="0" type="stmt"/>
      <line num="818" count="0" type="cond" truecount="0" falsecount="2"/>
      <line num="819" count="0" type="stmt"/>
      <line num="821" count="0" type="stmt"/>
      <line num="822" count="0" type="cond" truecount="0" falsecount="2"/>
      <line num="823" count="0" type="stmt"/>
      <line num="825" count="0" type="stmt"/>
      <line num="827" count="0" type="cond" truecount="0" falsecount="2"/>
      <line num="829" count="0" type="cond" truecount="0" falsecount="2"/>
      <line num="830" count="0" type="stmt"/>
      <line num="831" count="0" type="stmt"/>
      <line num="832" count="0" type="stmt"/>
      <line num="833" count="0" type="stmt"/>
      <line num="834" count="0" type="stmt"/>
      <line num="835" count="0" type="stmt"/>
      <line num="837" count="0" type="stmt"/>
      <line num="838" count="0" type="cond" truecount="0" falsecount="2"/>
      <line num="839" count="0" type="stmt"/>
      <line num="841" count="0" type="stmt"/>
      <line num="842" count="0" type="cond" truecount="0" falsecount="2"/>
      <line num="843" count="0" type="stmt"/>
      <line num="845" count="0" type="stmt"/>
      <line num="847" count="0" type="cond" truecount="0" falsecount="2"/>
      <line num="849" count="0" type="cond" truecount="0" falsecount="2"/>
      <line num="850" count="0" type="stmt"/>
      <line num="851" count="0" type="stmt"/>
      <line num="852" count="0" type="stmt"/>
      <line num="853" count="0" type="stmt"/>
      <line num="854" count="0" type="stmt"/>
      <line num="855" count="0" type="stmt"/>
      <line num="857" count="0" type="stmt"/>
      <line num="858" count="0" type="cond" truecount="0" falsecount="2"/>
      <line num="859" count="0" type="stmt"/>
      <line num="861" count="0" type="stmt"/>
      <line num="862" count="0" type="cond" truecount="0" falsecount="2"/>
      <line num="863" count="0" type="stmt"/>
      <line num="865" count="0" type="stmt"/>
      <line num="867" count="0" type="cond" truecount="0" falsecount="2"/>
      <line num="869" count="0" type="cond" truecount="0" falsecount="2"/>
      <line num="870" count="0" type="stmt"/>
      <line num="871" count="0" type="stmt"/>
      <line num="872" count="0" type="stmt"/>
      <line num="873" count="0" type="stmt"/>
      <line num="874" count="0" type="stmt"/>
      <line num="875" count="0" type="stmt"/>
      <line num="877" count="0" type="stmt"/>
      <line num="878" count="0" type="cond" truecount="0" falsecount="2"/>
      <line num="879" count="0" type="stmt"/>
      <line num="881" count="0" type="stmt"/>
      <line num="882" count="0" type="cond" truecount="0" falsecount="2"/>
      <line num="883" count="0" type="stmt"/>
      <line num="885" count="0" type="stmt"/>
      <line num="887" count="0" type="cond" truecount="0" falsecount="2"/>
      <line num="889" count="0" type="cond" truecount="0" falsecount="2"/>
      <line num="890" count="0" type="stmt"/>
      <line num="891" count="0" type="stmt"/>
      <line num="892" count="0" type="stmt"/>
      <line num="893" count="0" type="stmt"/>
      <line num="894" count="0" type="stmt"/>
      <line num="895" count="0" type="stmt"/>
      <line num="897" count="0" type="stmt"/>
      <line num="898" count="0" type="cond" truecount="0" falsecount="2"/>
      <line num="899" count="0" type="stmt"/>
      <line num="901" count="0" type="stmt"/>
      <line num="902" count="0" type="cond" truecount="0" falsecount="2"/>
      <line num="903" count="0" type="stmt"/>
      <line num="905" count="0" type="stmt"/>
      <line num="907" count="0" type="cond" truecount="0" falsecount="2"/>
      <line num="909" count="0" type="cond" truecount="0" falsecount="2"/>
      <line num="910" count="0" type="stmt"/>
      <line num="911" count="0" type="stmt"/>
      <line num="912" count="0" type="stmt"/>
      <line num="913" count="0" type="stmt"/>
      <line num="914" count="0" type="stmt"/>
      <line num="915" count="0" type="stmt"/>
      <line num="917" count="0" type="stmt"/>
      <line num="918" count="0" type="cond" truecount="0" falsecount="2"/>
      <line num="919" count="0" type="stmt"/>
      <line num="921" count="0" type="stmt"/>
      <line num="922" count="0" type="cond" truecount="0" falsecount="2"/>
      <line num="923" count="0" type="stmt"/>
      <line num="925" count="0" type="stmt"/>
      <line num="927" count="0" type="cond" truecount="0" falsecount="2"/>
      <line num="929" count="0" type="cond" truecount="0" falsecount="2"/>
      <line num="930" count="0" type="stmt"/>
      <line num="931" count="0" type="stmt"/>
      <line num="932" count="0" type="stmt"/>
      <line num="933" count="0" type="stmt"/>
      <line num="934" count="0" type="stmt"/>
      <line num="935" count="0" type="stmt"/>
      <line num="937" count="0" type="stmt"/>
      <line num="938" count="0" type="cond" truecount="0" falsecount="2"/>
      <line num="939" count="0" type="stmt"/>
      <line num="941" count="0" type="stmt"/>
      <line num="942" count="0" type="cond" truecount="0" falsecount="2"/>
      <line num="943" count="0" type="stmt"/>
      <line num="945" count="0" type="stmt"/>
      <line num="948" count="7" type="cond" truecount="1" falsecount="1"/>
      <line num="949" count="0" type="stmt"/>
      <line num="950" count="0" type="stmt"/>
      <line num="951" count="0" type="stmt"/>
      <line num="952" count="0" type="stmt"/>
      <line num="953" count="0" type="stmt"/>
      <line num="955" count="7" type="cond" truecount="1" falsecount="1"/>
      <line num="956" count="0" type="cond" truecount="0" falsecount="2"/>
      <line num="957" count="0" type="stmt"/>
      <line num="958" count="0" type="cond" truecount="0" falsecount="2"/>
      <line num="959" count="0" type="stmt"/>
      <line num="961" count="7" type="cond" truecount="1" falsecount="1"/>
      <line num="962" count="0" type="stmt"/>
      <line num="964" count="7" type="cond" truecount="1" falsecount="1"/>
      <line num="965" count="0" type="stmt"/>
      <line num="966" count="0" type="stmt"/>
      <line num="968" count="7" type="cond" truecount="4" falsecount="0"/>
      <line num="969" count="1" type="stmt"/>
      <line num="970" count="1" type="cond" truecount="1" falsecount="1"/>
      <line num="971" count="1" type="cond" truecount="1" falsecount="1"/>
      <line num="972" count="1" type="cond" truecount="1" falsecount="1"/>
      <line num="973" count="1" type="cond" truecount="1" falsecount="1"/>
      <line num="974" count="1" type="cond" truecount="1" falsecount="1"/>
      <line num="976" count="7" type="cond" truecount="2" falsecount="2"/>
      <line num="977" count="0" type="stmt"/>
      <line num="978" count="0" type="stmt"/>
      <line num="979" count="0" type="stmt"/>
      <line num="980" count="0" type="stmt"/>
      <line num="981" count="0" type="stmt"/>
      <line num="982" count="0" type="stmt"/>
      <line num="983" count="0" type="stmt"/>
      <line num="984" count="0" type="stmt"/>
      <line num="985" count="0" type="stmt"/>
      <line num="986" count="0" type="stmt"/>
      <line num="987" count="0" type="stmt"/>
      <line num="988" count="0" type="stmt"/>
      <line num="989" count="0" type="stmt"/>
      <line num="990" count="0" type="stmt"/>
      <line num="991" count="0" type="stmt"/>
      <line num="992" count="0" type="stmt"/>
      <line num="994" count="7" type="cond" truecount="1" falsecount="1"/>
      <line num="995" count="0" type="stmt"/>
      <line num="996" count="0" type="stmt"/>
      <line num="997" count="0" type="stmt"/>
      <line num="998" count="0" type="stmt"/>
      <line num="999" count="0" type="stmt"/>
      <line num="1000" count="0" type="stmt"/>
      <line num="1001" count="0" type="stmt"/>
      <line num="1002" count="0" type="stmt"/>
      <line num="1003" count="7" type="cond" truecount="1" falsecount="1"/>
      <line num="1004" count="0" type="stmt"/>
      <line num="1005" count="0" type="stmt"/>
      <line num="1006" count="0" type="stmt"/>
      <line num="1007" count="0" type="stmt"/>
      <line num="1008" count="0" type="stmt"/>
      <line num="1009" count="0" type="stmt"/>
      <line num="1010" count="0" type="stmt"/>
      <line num="1011" count="0" type="stmt"/>
      <line num="1013" count="7" type="cond" truecount="1" falsecount="1"/>
      <line num="1014" count="0" type="stmt"/>
      <line num="1015" count="0" type="stmt"/>
      <line num="1016" count="0" type="stmt"/>
      <line num="1017" count="0" type="stmt"/>
      <line num="1018" count="0" type="stmt"/>
      <line num="1019" count="0" type="stmt"/>
      <line num="1021" count="7" type="cond" truecount="1" falsecount="1"/>
      <line num="1022" count="0" type="stmt"/>
      <line num="1023" count="0" type="stmt"/>
      <line num="1024" count="0" type="stmt"/>
      <line num="1025" count="0" type="stmt"/>
      <line num="1026" count="0" type="stmt"/>
      <line num="1027" count="0" type="stmt"/>
      <line num="1028" count="0" type="stmt"/>
      <line num="1029" count="0" type="stmt"/>
      <line num="1030" count="0" type="stmt"/>
      <line num="1032" count="7" type="cond" truecount="1" falsecount="1"/>
      <line num="1033" count="7" type="cond" truecount="1" falsecount="1"/>
      <line num="1034" count="7" type="cond" truecount="1" falsecount="1"/>
      <line num="1035" count="7" type="cond" truecount="1" falsecount="1"/>
      <line num="1036" count="7" type="cond" truecount="1" falsecount="1"/>
      <line num="1037" count="0" type="stmt"/>
      <line num="1038" count="0" type="stmt"/>
      <line num="1039" count="0" type="stmt"/>
      <line num="1040" count="0" type="stmt"/>
      <line num="1041" count="0" type="stmt"/>
      <line num="1042" count="0" type="stmt"/>
      <line num="1043" count="0" type="stmt"/>
      <line num="1044" count="0" type="stmt"/>
      <line num="1045" count="0" type="stmt"/>
      <line num="1046" count="0" type="stmt"/>
      <line num="1047" count="0" type="stmt"/>
      <line num="1048" count="0" type="stmt"/>
      <line num="1049" count="0" type="stmt"/>
      <line num="1050" count="0" type="stmt"/>
      <line num="1051" count="0" type="stmt"/>
      <line num="1052" count="0" type="stmt"/>
      <line num="1053" count="0" type="stmt"/>
      <line num="1054" count="0" type="stmt"/>
      <line num="1055" count="0" type="stmt"/>
      <line num="1056" count="0" type="stmt"/>
      <line num="1057" count="0" type="stmt"/>
      <line num="1058" count="0" type="stmt"/>
      <line num="1060" count="7" type="cond" truecount="1" falsecount="1"/>
      <line num="1061" count="0" type="stmt"/>
      <line num="1062" count="0" type="cond" truecount="0" falsecount="2"/>
      <line num="1063" count="0" type="stmt"/>
      <line num="1064" count="0" type="stmt"/>
      <line num="1065" count="0" type="stmt"/>
      <line num="1066" count="0" type="stmt"/>
      <line num="1067" count="0" type="stmt"/>
      <line num="1068" count="0" type="stmt"/>
      <line num="1069" count="0" type="stmt"/>
      <line num="1070" count="0" type="stmt"/>
      <line num="1071" count="0" type="stmt"/>
      <line num="1072" count="0" type="stmt"/>
      <line num="1073" count="0" type="stmt"/>
      <line num="1074" count="0" type="cond" truecount="0" falsecount="5"/>
      <line num="1075" count="0" type="cond" truecount="0" falsecount="4"/>
      <line num="1076" count="0" type="stmt"/>
      <line num="1077" count="0" type="stmt"/>
      <line num="1078" count="0" type="stmt"/>
      <line num="1079" count="0" type="stmt"/>
      <line num="1080" count="0" type="stmt"/>
      <line num="1081" count="0" type="stmt"/>
      <line num="1082" count="0" type="stmt"/>
      <line num="1083" count="0" type="stmt"/>
      <line num="1084" count="0" type="stmt"/>
      <line num="1085" count="0" type="stmt"/>
      <line num="1086" count="0" type="stmt"/>
      <line num="1087" count="0" type="cond" truecount="0" falsecount="2"/>
      <line num="1088" count="0" type="stmt"/>
      <line num="1089" count="0" type="stmt"/>
      <line num="1090" count="0" type="stmt"/>
      <line num="1091" count="0" type="stmt"/>
      <line num="1092" count="0" type="cond" truecount="0" falsecount="2"/>
      <line num="1093" count="0" type="cond" truecount="0" falsecount="2"/>
      <line num="1094" count="0" type="stmt"/>
      <line num="1095" count="0" type="stmt"/>
      <line num="1096" count="0" type="stmt"/>
      <line num="1097" count="0" type="stmt"/>
      <line num="1098" count="0" type="stmt"/>
      <line num="1099" count="0" type="stmt"/>
      <line num="1100" count="0" type="stmt"/>
      <line num="1101" count="0" type="stmt"/>
      <line num="1102" count="0" type="stmt"/>
      <line num="1103" count="0" type="stmt"/>
      <line num="1104" count="0" type="cond" truecount="0" falsecount="2"/>
      <line num="1105" count="0" type="cond" truecount="0" falsecount="2"/>
      <line num="1106" count="0" type="cond" truecount="0" falsecount="2"/>
      <line num="1107" count="0" type="cond" truecount="0" falsecount="2"/>
      <line num="1111" count="9" type="cond" truecount="2" falsecount="0"/>
      <line num="1112" count="1" type="stmt"/>
      <line num="1113" count="1" type="stmt"/>
      <line num="1114" count="1" type="stmt"/>
      <line num="1116" count="9" type="cond" truecount="2" falsecount="0"/>
      <line num="1117" count="1" type="stmt"/>
      <line num="1118" count="1" type="stmt"/>
      <line num="1119" count="1" type="stmt"/>
      <line num="1120" count="1" type="stmt"/>
      <line num="1121" count="1" type="stmt"/>
      <line num="1122" count="1" type="cond" truecount="1" falsecount="1"/>
      <line num="1123" count="1" type="stmt"/>
      <line num="1124" count="1" type="cond" truecount="1" falsecount="1"/>
      <line num="1125" count="1" type="stmt"/>
      <line num="1130" count="1" type="stmt"/>
      <line num="1131" count="1" type="stmt"/>
      <line num="1134" count="10" type="stmt"/>
      <line num="1137" count="10" type="stmt"/>
      <line num="1138" count="10" type="stmt"/>
      <line num="1139" count="10" type="stmt"/>
      <line num="1140" count="10" type="stmt"/>
      <line num="1141" count="10" type="cond" truecount="2" falsecount="0"/>
      <line num="1142" count="9" type="cond" truecount="2" falsecount="0"/>
      <line num="1143" count="1" type="stmt"/>
      <line num="1146" count="10" type="cond" truecount="4" falsecount="0"/>
      <line num="1147" count="1" type="stmt"/>
      <line num="1155" count="9" type="cond" truecount="2" falsecount="0"/>
      <line num="1156" count="1" type="stmt"/>
      <line num="1164" count="8" type="cond" truecount="2" falsecount="0"/>
      <line num="1165" count="1" type="cond" truecount="1" falsecount="1"/>
      <line num="1166" count="1" type="stmt"/>
      <line num="1175" count="0" type="stmt"/>
      <line num="1184" count="7" type="cond" truecount="2" falsecount="0"/>
      <line num="1185" count="6" type="cond" truecount="1" falsecount="1"/>
      <line num="1186" count="0" type="stmt"/>
      <line num="1187" count="0" type="stmt"/>
      <line num="1188" count="0" type="stmt"/>
      <line num="1189" count="0" type="stmt"/>
      <line num="1199" count="6" type="stmt"/>
      <line num="1200" count="6" type="stmt"/>
      <line num="1210" count="1" type="stmt"/>
      <line num="1216" count="1" type="stmt"/>
      <line num="1223" count="1" type="stmt"/>
      <line num="1228" count="7" type="stmt"/>
      <line num="1229" count="7" type="cond" truecount="2" falsecount="0"/>
      <line num="1230" count="3" type="stmt"/>
      <line num="1233" count="4" type="stmt"/>
      <line num="1240" count="4" type="stmt"/>
      <line num="1243" count="4" type="stmt"/>
      <line num="1251" count="1" type="stmt"/>
      <line num="1252" count="1" type="stmt"/>
      <line num="1253" count="1" type="stmt"/>
      <line num="1254" count="1" type="stmt"/>
      <line num="1256" count="1" type="stmt"/>
    </file>
  </project>
</coverage>
