{"C:\\Users\\Lorenzo\\Documents\\00000M1\\.travail\\.watteco_repo\\Codec-API-LoRaWAN\\model_actility\\index.js": {"path":"C:\\Users\\Lorenzo\\Documents\\00000M1\\.travail\\.watteco_repo\\Codec-API-LoRaWAN\\model_actility\\index.js","statementMap":{"0":{"start":{"line":1,"column":0},"end":{"line":1259,"column":3}},"1":{"start":{"line":2,"column":1},"end":{"line":9,"column":29}},"2":{"start":{"line":3,"column":2},"end":{"line":3,"column":29}},"3":{"start":{"line":4,"column":6},"end":{"line":9,"column":29}},"4":{"start":{"line":5,"column":2},"end":{"line":5,"column":22}},"5":{"start":{"line":6,"column":6},"end":{"line":9,"column":29}},"6":{"start":{"line":7,"column":2},"end":{"line":7,"column":32}},"7":{"start":{"line":9,"column":2},"end":{"line":9,"column":29}},"8":{"start":{"line":11,"column":0},"end":{"line":1258,"column":1}},"9":{"start":{"line":12,"column":37},"end":{"line":1220,"column":11}},"10":{"start":{"line":17,"column":15},"end":{"line":17,"column":16}},"11":{"start":{"line":18,"column":12},"end":{"line":18,"column":13}},"12":{"start":{"line":19,"column":12},"end":{"line":19,"column":13}},"13":{"start":{"line":20,"column":12},"end":{"line":20,"column":13}},"14":{"start":{"line":21,"column":12},"end":{"line":21,"column":13}},"15":{"start":{"line":22,"column":12},"end":{"line":22,"column":13}},"16":{"start":{"line":23,"column":13},"end":{"line":23,"column":14}},"17":{"start":{"line":24,"column":13},"end":{"line":24,"column":14}},"18":{"start":{"line":25,"column":13},"end":{"line":25,"column":14}},"19":{"start":{"line":26,"column":13},"end":{"line":26,"column":14}},"20":{"start":{"line":27,"column":13},"end":{"line":27,"column":15}},"21":{"start":{"line":28,"column":13},"end":{"line":28,"column":15}},"22":{"start":{"line":29,"column":12},"end":{"line":29,"column":14}},"23":{"start":{"line":30,"column":9},"end":{"line":30,"column":11}},"24":{"start":{"line":31,"column":0},"end":{"line":31,"column":17}},"25":{"start":{"line":32,"column":0},"end":{"line":32,"column":14}},"26":{"start":{"line":33,"column":0},"end":{"line":33,"column":14}},"27":{"start":{"line":34,"column":0},"end":{"line":34,"column":14}},"28":{"start":{"line":35,"column":0},"end":{"line":35,"column":14}},"29":{"start":{"line":36,"column":0},"end":{"line":36,"column":14}},"30":{"start":{"line":37,"column":0},"end":{"line":37,"column":16}},"31":{"start":{"line":38,"column":0},"end":{"line":38,"column":16}},"32":{"start":{"line":39,"column":0},"end":{"line":39,"column":16}},"33":{"start":{"line":40,"column":0},"end":{"line":40,"column":16}},"34":{"start":{"line":41,"column":0},"end":{"line":41,"column":16}},"35":{"start":{"line":42,"column":0},"end":{"line":42,"column":16}},"36":{"start":{"line":43,"column":0},"end":{"line":43,"column":15}},"37":{"start":{"line":44,"column":27},"end":{"line":44,"column":29}},"38":{"start":{"line":45,"column":23},"end":{"line":45,"column":25}},"39":{"start":{"line":46,"column":11},"end":{"line":101,"column":1}},"40":{"start":{"line":102,"column":0},"end":{"line":106,"column":2}},"41":{"start":{"line":103,"column":4},"end":{"line":103,"column":29}},"42":{"start":{"line":103,"column":18},"end":{"line":103,"column":29}},"43":{"start":{"line":104,"column":4},"end":{"line":104,"column":36}},"44":{"start":{"line":104,"column":15},"end":{"line":104,"column":36}},"45":{"start":{"line":105,"column":4},"end":{"line":105,"column":24}},"46":{"start":{"line":108,"column":14},"end":{"line":108,"column":26}},"47":{"start":{"line":109,"column":17},"end":{"line":109,"column":56}},"48":{"start":{"line":110,"column":15},"end":{"line":110,"column":56}},"49":{"start":{"line":111,"column":4},"end":{"line":111,"column":55}},"50":{"start":{"line":112,"column":4},"end":{"line":112,"column":35}},"51":{"start":{"line":113,"column":15},"end":{"line":113,"column":67}},"52":{"start":{"line":114,"column":25},"end":{"line":114,"column":44}},"53":{"start":{"line":115,"column":33},"end":{"line":115,"column":60}},"54":{"start":{"line":116,"column":4},"end":{"line":118,"column":5}},"55":{"start":{"line":117,"column":8},"end":{"line":117,"column":122}},"56":{"start":{"line":119,"column":4},"end":{"line":119,"column":86}},"57":{"start":{"line":120,"column":4},"end":{"line":120,"column":73}},"58":{"start":{"line":123,"column":17},"end":{"line":123,"column":19}},"59":{"start":{"line":124,"column":12},"end":{"line":124,"column":13}},"60":{"start":{"line":125,"column":4},"end":{"line":132,"column":5}},"61":{"start":{"line":126,"column":8},"end":{"line":130,"column":11}},"62":{"start":{"line":131,"column":8},"end":{"line":131,"column":15}},"63":{"start":{"line":133,"column":4},"end":{"line":136,"column":6}},"64":{"start":{"line":139,"column":4},"end":{"line":145,"column":5}},"65":{"start":{"line":141,"column":8},"end":{"line":143,"column":9}},"66":{"start":{"line":142,"column":12},"end":{"line":142,"column":55}},"67":{"start":{"line":144,"column":8},"end":{"line":144,"column":15}},"68":{"start":{"line":146,"column":4},"end":{"line":152,"column":17}},"69":{"start":{"line":150,"column":12},"end":{"line":150,"column":42}},"70":{"start":{"line":153,"column":17},"end":{"line":153,"column":19}},"71":{"start":{"line":154,"column":4},"end":{"line":157,"column":5}},"72":{"start":{"line":155,"column":8},"end":{"line":155,"column":54}},"73":{"start":{"line":156,"column":8},"end":{"line":156,"column":42}},"74":{"start":{"line":158,"column":4},"end":{"line":158,"column":17}},"75":{"start":{"line":163,"column":29},"end":{"line":163,"column":31}},"76":{"start":{"line":164,"column":17},"end":{"line":164,"column":28}},"77":{"start":{"line":165,"column":8},"end":{"line":167,"column":9}},"78":{"start":{"line":166,"column":12},"end":{"line":166,"column":76}},"79":{"start":{"line":168,"column":24},"end":{"line":168,"column":25}},"80":{"start":{"line":169,"column":22},"end":{"line":169,"column":23}},"81":{"start":{"line":170,"column":8},"end":{"line":177,"column":9}},"82":{"start":{"line":171,"column":12},"end":{"line":173,"column":13}},"83":{"start":{"line":172,"column":16},"end":{"line":172,"column":49}},"84":{"start":{"line":174,"column":12},"end":{"line":174,"column":22}},"85":{"start":{"line":175,"column":12},"end":{"line":175,"column":24}},"86":{"start":{"line":176,"column":12},"end":{"line":176,"column":29}},"87":{"start":{"line":178,"column":8},"end":{"line":178,"column":23}},"88":{"start":{"line":180,"column":4},"end":{"line":233,"column":5}},"89":{"start":{"line":184,"column":25},"end":{"line":184,"column":54}},"90":{"start":{"line":185,"column":33},"end":{"line":185,"column":40}},"91":{"start":{"line":186,"column":12},"end":{"line":186,"column":30}},"92":{"start":{"line":187,"column":12},"end":{"line":189,"column":13}},"93":{"start":{"line":188,"column":16},"end":{"line":188,"column":62}},"94":{"start":{"line":190,"column":22},"end":{"line":190,"column":23}},"95":{"start":{"line":191,"column":25},"end":{"line":191,"column":57}},"96":{"start":{"line":192,"column":32},"end":{"line":192,"column":42}},"97":{"start":{"line":193,"column":12},"end":{"line":195,"column":13}},"98":{"start":{"line":194,"column":16},"end":{"line":194,"column":34}},"99":{"start":{"line":196,"column":12},"end":{"line":209,"column":13}},"100":{"start":{"line":197,"column":32},"end":{"line":197,"column":33}},"101":{"start":{"line":198,"column":16},"end":{"line":206,"column":17}},"102":{"start":{"line":199,"column":30},"end":{"line":199,"column":49}},"103":{"start":{"line":200,"column":20},"end":{"line":202,"column":21}},"104":{"start":{"line":201,"column":24},"end":{"line":201,"column":67}},"105":{"start":{"line":203,"column":20},"end":{"line":203,"column":36}},"106":{"start":{"line":204,"column":20},"end":{"line":204,"column":32}},"107":{"start":{"line":205,"column":20},"end":{"line":205,"column":40}},"108":{"start":{"line":207,"column":16},"end":{"line":207,"column":25}},"109":{"start":{"line":208,"column":16},"end":{"line":208,"column":34}},"110":{"start":{"line":210,"column":12},"end":{"line":215,"column":13}},"111":{"start":{"line":211,"column":16},"end":{"line":214,"column":17}},"112":{"start":{"line":211,"column":29},"end":{"line":211,"column":35}},"113":{"start":{"line":212,"column":20},"end":{"line":212,"column":34}},"114":{"start":{"line":213,"column":20},"end":{"line":213,"column":29}},"115":{"start":{"line":216,"column":12},"end":{"line":216,"column":23}},"116":{"start":{"line":219,"column":12},"end":{"line":230,"column":13}},"117":{"start":{"line":219,"column":25},"end":{"line":219,"column":26}},"118":{"start":{"line":220,"column":28},"end":{"line":220,"column":75}},"119":{"start":{"line":221,"column":16},"end":{"line":229,"column":17}},"120":{"start":{"line":221,"column":29},"end":{"line":221,"column":30}},"121":{"start":{"line":222,"column":20},"end":{"line":228,"column":21}},"122":{"start":{"line":226,"column":24},"end":{"line":226,"column":37}},"123":{"start":{"line":227,"column":24},"end":{"line":227,"column":33}},"124":{"start":{"line":231,"column":12},"end":{"line":231,"column":58}},"125":{"start":{"line":236,"column":18},"end":{"line":236,"column":39}},"126":{"start":{"line":237,"column":4},"end":{"line":239,"column":5}},"127":{"start":{"line":238,"column":8},"end":{"line":238,"column":31}},"128":{"start":{"line":240,"column":4},"end":{"line":245,"column":5}},"129":{"start":{"line":248,"column":27},"end":{"line":248,"column":28}},"130":{"start":{"line":249,"column":33},"end":{"line":249,"column":34}},"131":{"start":{"line":250,"column":4},"end":{"line":268,"column":5}},"132":{"start":{"line":250,"column":17},"end":{"line":250,"column":18}},"133":{"start":{"line":251,"column":18},"end":{"line":254,"column":9}},"134":{"start":{"line":255,"column":23},"end":{"line":255,"column":54}},"135":{"start":{"line":256,"column":8},"end":{"line":256,"column":54}},"136":{"start":{"line":256,"column":21},"end":{"line":256,"column":54}},"137":{"start":{"line":257,"column":8},"end":{"line":257,"column":79}},"138":{"start":{"line":258,"column":8},"end":{"line":263,"column":9}},"139":{"start":{"line":264,"column":8},"end":{"line":267,"column":9}},"140":{"start":{"line":265,"column":12},"end":{"line":265,"column":76}},"141":{"start":{"line":266,"column":12},"end":{"line":266,"column":77}},"142":{"start":{"line":269,"column":4},"end":{"line":272,"column":5}},"143":{"start":{"line":275,"column":4},"end":{"line":288,"column":5}},"144":{"start":{"line":291,"column":4},"end":{"line":293,"column":5}},"145":{"start":{"line":291,"column":17},"end":{"line":291,"column":18}},"146":{"start":{"line":292,"column":8},"end":{"line":292,"column":51}},"147":{"start":{"line":292,"column":43},"end":{"line":292,"column":51}},"148":{"start":{"line":294,"column":4},"end":{"line":294,"column":57}},"149":{"start":{"line":297,"column":4},"end":{"line":300,"column":5}},"150":{"start":{"line":298,"column":17},"end":{"line":298,"column":42}},"151":{"start":{"line":299,"column":8},"end":{"line":299,"column":64}},"152":{"start":{"line":301,"column":4},"end":{"line":301,"column":39}},"153":{"start":{"line":304,"column":4},"end":{"line":304,"column":70}},"154":{"start":{"line":304,"column":35},"end":{"line":304,"column":70}},"155":{"start":{"line":305,"column":4},"end":{"line":305,"column":80}},"156":{"start":{"line":305,"column":16},"end":{"line":305,"column":80}},"157":{"start":{"line":306,"column":4},"end":{"line":306,"column":24}},"158":{"start":{"line":309,"column":4},"end":{"line":309,"column":81}},"159":{"start":{"line":312,"column":12},"end":{"line":312,"column":44}},"160":{"start":{"line":313,"column":4},"end":{"line":313,"column":54}},"161":{"start":{"line":316,"column":15},"end":{"line":316,"column":42}},"162":{"start":{"line":317,"column":19},"end":{"line":317,"column":47}},"163":{"start":{"line":318,"column":22},"end":{"line":318,"column":41}},"164":{"start":{"line":319,"column":4},"end":{"line":319,"column":92}},"165":{"start":{"line":319,"column":25},"end":{"line":319,"column":92}},"166":{"start":{"line":320,"column":4},"end":{"line":324,"column":62}},"167":{"start":{"line":321,"column":8},"end":{"line":321,"column":48}},"168":{"start":{"line":321,"column":31},"end":{"line":321,"column":48}},"169":{"start":{"line":322,"column":8},"end":{"line":322,"column":23}},"170":{"start":{"line":323,"column":8},"end":{"line":323,"column":30}},"171":{"start":{"line":324,"column":11},"end":{"line":324,"column":62}},"172":{"start":{"line":325,"column":4},"end":{"line":325,"column":53}},"173":{"start":{"line":328,"column":4},"end":{"line":328,"column":119}},"174":{"start":{"line":328,"column":32},"end":{"line":328,"column":119}},"175":{"start":{"line":329,"column":4},"end":{"line":329,"column":85}},"176":{"start":{"line":332,"column":29},"end":{"line":332,"column":59}},"177":{"start":{"line":333,"column":14},"end":{"line":333,"column":16}},"178":{"start":{"line":334,"column":15},"end":{"line":334,"column":96}},"179":{"start":{"line":335,"column":26},"end":{"line":335,"column":46}},"180":{"start":{"line":336,"column":24},"end":{"line":336,"column":42}},"181":{"start":{"line":337,"column":4},"end":{"line":371,"column":5}},"182":{"start":{"line":337,"column":17},"end":{"line":337,"column":18}},"183":{"start":{"line":338,"column":37},"end":{"line":338,"column":38}},"184":{"start":{"line":339,"column":8},"end":{"line":339,"column":52}},"185":{"start":{"line":340,"column":23},"end":{"line":340,"column":54}},"186":{"start":{"line":341,"column":8},"end":{"line":370,"column":9}},"187":{"start":{"line":341,"column":21},"end":{"line":341,"column":22}},"188":{"start":{"line":342,"column":28},"end":{"line":342,"column":58}},"189":{"start":{"line":343,"column":12},"end":{"line":369,"column":13}},"190":{"start":{"line":344,"column":25},"end":{"line":344,"column":81}},"191":{"start":{"line":345,"column":37},"end":{"line":348,"column":17}},"192":{"start":{"line":349,"column":16},"end":{"line":366,"column":17}},"193":{"start":{"line":351,"column":24},"end":{"line":353,"column":40}},"194":{"start":{"line":354,"column":20},"end":{"line":361,"column":21}},"195":{"start":{"line":354,"column":32},"end":{"line":354,"column":168}},"196":{"start":{"line":356,"column":24},"end":{"line":359,"column":73}},"197":{"start":{"line":357,"column":28},"end":{"line":357,"column":54}},"198":{"start":{"line":358,"column":28},"end":{"line":358,"column":36}},"199":{"start":{"line":359,"column":31},"end":{"line":359,"column":73}},"200":{"start":{"line":363,"column":20},"end":{"line":365,"column":21}},"201":{"start":{"line":367,"column":16},"end":{"line":367,"column":75}},"202":{"start":{"line":368,"column":16},"end":{"line":368,"column":75}},"203":{"start":{"line":372,"column":4},"end":{"line":372,"column":24}},"204":{"start":{"line":375,"column":26},"end":{"line":375,"column":28}},"205":{"start":{"line":376,"column":24},"end":{"line":376,"column":25}},"206":{"start":{"line":377,"column":26},"end":{"line":377,"column":56}},"207":{"start":{"line":378,"column":4},"end":{"line":395,"column":5}},"208":{"start":{"line":378,"column":17},"end":{"line":378,"column":18}},"209":{"start":{"line":379,"column":17},"end":{"line":379,"column":56}},"210":{"start":{"line":380,"column":8},"end":{"line":393,"column":65}},"211":{"start":{"line":381,"column":12},"end":{"line":392,"column":13}},"212":{"start":{"line":381,"column":25},"end":{"line":381,"column":117}},"213":{"start":{"line":383,"column":16},"end":{"line":391,"column":63}},"214":{"start":{"line":384,"column":45},"end":{"line":384,"column":67}},"215":{"start":{"line":385,"column":20},"end":{"line":390,"column":21}},"216":{"start":{"line":391,"column":23},"end":{"line":391,"column":63}},"217":{"start":{"line":393,"column":15},"end":{"line":393,"column":65}},"218":{"start":{"line":394,"column":8},"end":{"line":394,"column":42}},"219":{"start":{"line":396,"column":4},"end":{"line":399,"column":5}},"220":{"start":{"line":402,"column":23},"end":{"line":402,"column":55}},"221":{"start":{"line":403,"column":4},"end":{"line":403,"column":90}},"222":{"start":{"line":403,"column":26},"end":{"line":403,"column":90}},"223":{"start":{"line":404,"column":4},"end":{"line":404,"column":94}},"224":{"start":{"line":404,"column":26},"end":{"line":404,"column":94}},"225":{"start":{"line":405,"column":4},"end":{"line":405,"column":74}},"226":{"start":{"line":408,"column":4},"end":{"line":408,"column":89}},"227":{"start":{"line":408,"column":45},"end":{"line":408,"column":89}},"228":{"start":{"line":409,"column":4},"end":{"line":409,"column":72}},"229":{"start":{"line":412,"column":14},"end":{"line":412,"column":16}},"230":{"start":{"line":413,"column":4},"end":{"line":444,"column":5}},"231":{"start":{"line":413,"column":17},"end":{"line":413,"column":18}},"232":{"start":{"line":414,"column":8},"end":{"line":414,"column":52}},"233":{"start":{"line":415,"column":23},"end":{"line":415,"column":54}},"234":{"start":{"line":416,"column":31},"end":{"line":416,"column":61}},"235":{"start":{"line":417,"column":8},"end":{"line":443,"column":9}},"236":{"start":{"line":418,"column":34},"end":{"line":418,"column":64}},"237":{"start":{"line":419,"column":12},"end":{"line":442,"column":13}},"238":{"start":{"line":419,"column":25},"end":{"line":419,"column":26}},"239":{"start":{"line":421,"column":20},"end":{"line":423,"column":49}},"240":{"start":{"line":424,"column":37},"end":{"line":427,"column":17}},"241":{"start":{"line":428,"column":25},"end":{"line":428,"column":64}},"242":{"start":{"line":429,"column":16},"end":{"line":429,"column":119}},"243":{"start":{"line":430,"column":16},"end":{"line":430,"column":132}},"244":{"start":{"line":430,"column":77},"end":{"line":430,"column":132}},"245":{"start":{"line":432,"column":16},"end":{"line":432,"column":77}},"246":{"start":{"line":433,"column":16},"end":{"line":440,"column":101}},"247":{"start":{"line":435,"column":24},"end":{"line":437,"column":40}},"248":{"start":{"line":438,"column":20},"end":{"line":439,"column":67}},"249":{"start":{"line":438,"column":32},"end":{"line":438,"column":168}},"250":{"start":{"line":439,"column":25},"end":{"line":439,"column":67}},"251":{"start":{"line":440,"column":23},"end":{"line":440,"column":101}},"252":{"start":{"line":441,"column":16},"end":{"line":441,"column":75}},"253":{"start":{"line":445,"column":4},"end":{"line":445,"column":25}},"254":{"start":{"line":448,"column":31},"end":{"line":451,"column":5}},"255":{"start":{"line":452,"column":4},"end":{"line":452,"column":102}},"256":{"start":{"line":452,"column":32},"end":{"line":452,"column":102}},"257":{"start":{"line":453,"column":4},"end":{"line":481,"column":11}},"258":{"start":{"line":458,"column":12},"end":{"line":479,"column":13}},"259":{"start":{"line":460,"column":35},"end":{"line":468,"column":21}},"260":{"start":{"line":469,"column":20},"end":{"line":469,"column":91}},"261":{"start":{"line":469,"column":45},"end":{"line":469,"column":91}},"262":{"start":{"line":470,"column":20},"end":{"line":476,"column":21}},"263":{"start":{"line":471,"column":24},"end":{"line":475,"column":25}},"264":{"start":{"line":477,"column":20},"end":{"line":477,"column":35}},"265":{"start":{"line":482,"column":4},"end":{"line":482,"column":31}},"266":{"start":{"line":485,"column":4},"end":{"line":485,"column":69}},"267":{"start":{"line":488,"column":15},"end":{"line":488,"column":25}},"268":{"start":{"line":489,"column":18},"end":{"line":489,"column":79}},"269":{"start":{"line":490,"column":4},"end":{"line":490,"column":24}},"270":{"start":{"line":491,"column":20},"end":{"line":491,"column":22}},"271":{"start":{"line":492,"column":4},"end":{"line":500,"column":5}},"272":{"start":{"line":492,"column":17},"end":{"line":492,"column":18}},"273":{"start":{"line":493,"column":19},"end":{"line":493,"column":37}},"274":{"start":{"line":494,"column":25},"end":{"line":498,"column":9}},"275":{"start":{"line":499,"column":8},"end":{"line":499,"column":34}},"276":{"start":{"line":501,"column":4},"end":{"line":501,"column":20}},"277":{"start":{"line":504,"column":0},"end":{"line":504,"column":50}},"278":{"start":{"line":511,"column":10},"end":{"line":511,"column":34}},"279":{"start":{"line":512,"column":18},"end":{"line":512,"column":332}},"280":{"start":{"line":514,"column":4},"end":{"line":514,"column":64}},"281":{"start":{"line":516,"column":0},"end":{"line":516,"column":36}},"282":{"start":{"line":524,"column":15},"end":{"line":524,"column":39}},"283":{"start":{"line":525,"column":12},"end":{"line":525,"column":36}},"284":{"start":{"line":527,"column":16},"end":{"line":527,"column":27}},"285":{"start":{"line":528,"column":15},"end":{"line":528,"column":26}},"286":{"start":{"line":529,"column":15},"end":{"line":529,"column":29}},"287":{"start":{"line":531,"column":4},"end":{"line":565,"column":5}},"288":{"start":{"line":532,"column":22},"end":{"line":532,"column":81}},"289":{"start":{"line":533,"column":22},"end":{"line":533,"column":37}},"290":{"start":{"line":535,"column":8},"end":{"line":559,"column":9}},"291":{"start":{"line":536,"column":29},"end":{"line":541,"column":13}},"292":{"start":{"line":542,"column":12},"end":{"line":553,"column":13}},"293":{"start":{"line":543,"column":30},"end":{"line":543,"column":67}},"294":{"start":{"line":544,"column":16},"end":{"line":547,"column":17}},"295":{"start":{"line":549,"column":16},"end":{"line":552,"column":17}},"296":{"start":{"line":555,"column":12},"end":{"line":558,"column":14}},"297":{"start":{"line":561,"column":8},"end":{"line":564,"column":10}},"298":{"start":{"line":568,"column":0},"end":{"line":568,"column":52}},"299":{"start":{"line":576,"column":4},"end":{"line":576,"column":63}},"300":{"start":{"line":576,"column":47},"end":{"line":576,"column":63}},"301":{"start":{"line":577,"column":4},"end":{"line":577,"column":67}},"302":{"start":{"line":577,"column":49},"end":{"line":577,"column":67}},"303":{"start":{"line":578,"column":4},"end":{"line":578,"column":71}},"304":{"start":{"line":578,"column":51},"end":{"line":578,"column":71}},"305":{"start":{"line":579,"column":4},"end":{"line":579,"column":16}},"306":{"start":{"line":582,"column":15},"end":{"line":582,"column":44}},"307":{"start":{"line":583,"column":14},"end":{"line":583,"column":42}},"308":{"start":{"line":584,"column":17},"end":{"line":584,"column":36}},"309":{"start":{"line":585,"column":4},"end":{"line":585,"column":84}},"310":{"start":{"line":585,"column":20},"end":{"line":585,"column":84}},"311":{"start":{"line":586,"column":4},"end":{"line":590,"column":51}},"312":{"start":{"line":587,"column":8},"end":{"line":587,"column":33}},"313":{"start":{"line":587,"column":24},"end":{"line":587,"column":33}},"314":{"start":{"line":588,"column":8},"end":{"line":588,"column":19}},"315":{"start":{"line":589,"column":8},"end":{"line":589,"column":27}},"316":{"start":{"line":590,"column":11},"end":{"line":590,"column":51}},"317":{"start":{"line":591,"column":4},"end":{"line":591,"column":43}},"318":{"start":{"line":595,"column":4},"end":{"line":595,"column":51}},"319":{"start":{"line":595,"column":37},"end":{"line":595,"column":51}},"320":{"start":{"line":596,"column":19},"end":{"line":596,"column":42}},"321":{"start":{"line":597,"column":18},"end":{"line":597,"column":50}},"322":{"start":{"line":599,"column":13},"end":{"line":599,"column":20}},"323":{"start":{"line":600,"column":4},"end":{"line":605,"column":18}},"324":{"start":{"line":602,"column":8},"end":{"line":602,"column":17}},"325":{"start":{"line":603,"column":8},"end":{"line":603,"column":38}},"326":{"start":{"line":605,"column":9},"end":{"line":605,"column":18}},"327":{"start":{"line":605,"column":19},"end":{"line":605,"column":36}},"328":{"start":{"line":606,"column":4},"end":{"line":606,"column":17}},"329":{"start":{"line":607,"column":4},"end":{"line":610,"column":5}},"330":{"start":{"line":609,"column":8},"end":{"line":609,"column":48}},"331":{"start":{"line":611,"column":4},"end":{"line":612,"column":54}},"332":{"start":{"line":612,"column":8},"end":{"line":612,"column":54}},"333":{"start":{"line":613,"column":4},"end":{"line":613,"column":20}},"334":{"start":{"line":616,"column":14},"end":{"line":616,"column":42}},"335":{"start":{"line":617,"column":4},"end":{"line":617,"column":71}},"336":{"start":{"line":618,"column":4},"end":{"line":620,"column":5}},"337":{"start":{"line":619,"column":8},"end":{"line":619,"column":24}},"338":{"start":{"line":621,"column":4},"end":{"line":621,"column":22}},"339":{"start":{"line":624,"column":17},"end":{"line":624,"column":19}},"340":{"start":{"line":625,"column":4},"end":{"line":628,"column":5}},"341":{"start":{"line":626,"column":8},"end":{"line":626,"column":55}},"342":{"start":{"line":627,"column":8},"end":{"line":627,"column":43}},"343":{"start":{"line":629,"column":4},"end":{"line":629,"column":18}},"344":{"start":{"line":632,"column":18},"end":{"line":632,"column":20}},"345":{"start":{"line":633,"column":4},"end":{"line":633,"column":22}},"346":{"start":{"line":634,"column":4},"end":{"line":634,"column":30}},"347":{"start":{"line":635,"column":21},"end":{"line":635,"column":33}},"348":{"start":{"line":636,"column":23},"end":{"line":636,"column":25}},"349":{"start":{"line":637,"column":4},"end":{"line":637,"column":31}},"350":{"start":{"line":638,"column":4},"end":{"line":645,"column":5}},"351":{"start":{"line":638,"column":17},"end":{"line":638,"column":18}},"352":{"start":{"line":640,"column":8},"end":{"line":640,"column":61}},"353":{"start":{"line":641,"column":8},"end":{"line":641,"column":74}},"354":{"start":{"line":641,"column":40},"end":{"line":641,"column":74}},"355":{"start":{"line":642,"column":8},"end":{"line":642,"column":45}},"356":{"start":{"line":643,"column":19},"end":{"line":643,"column":29}},"357":{"start":{"line":644,"column":8},"end":{"line":644,"column":47}},"358":{"start":{"line":646,"column":4},"end":{"line":1133,"column":5}},"359":{"start":{"line":648,"column":8},"end":{"line":648,"column":35}},"360":{"start":{"line":649,"column":8},"end":{"line":1132,"column":9}},"361":{"start":{"line":650,"column":12},"end":{"line":650,"column":35}},"362":{"start":{"line":651,"column":12},"end":{"line":651,"column":51}},"363":{"start":{"line":652,"column":12},"end":{"line":652,"column":23}},"364":{"start":{"line":653,"column":12},"end":{"line":653,"column":23}},"365":{"start":{"line":654,"column":12},"end":{"line":654,"column":25}},"366":{"start":{"line":655,"column":12},"end":{"line":655,"column":85}},"367":{"start":{"line":656,"column":12},"end":{"line":656,"column":30}},"368":{"start":{"line":656,"column":31},"end":{"line":656,"column":79}},"369":{"start":{"line":657,"column":12},"end":{"line":657,"column":46}},"370":{"start":{"line":657,"column":47},"end":{"line":657,"column":99}},"371":{"start":{"line":658,"column":12},"end":{"line":1110,"column":13}},"372":{"start":{"line":659,"column":16},"end":{"line":659,"column":34}},"373":{"start":{"line":660,"column":16},"end":{"line":660,"column":48}},"374":{"start":{"line":660,"column":48},"end":{"line":660,"column":96}},"375":{"start":{"line":661,"column":16},"end":{"line":661,"column":64}},"376":{"start":{"line":661,"column":36},"end":{"line":661,"column":64}},"377":{"start":{"line":662,"column":16},"end":{"line":662,"column":64}},"378":{"start":{"line":662,"column":57},"end":{"line":662,"column":64}},"379":{"start":{"line":663,"column":16},"end":{"line":663,"column":82}},"380":{"start":{"line":663,"column":37},"end":{"line":663,"column":44}},"381":{"start":{"line":663,"column":45},"end":{"line":663,"column":81}},"382":{"start":{"line":664,"column":16},"end":{"line":664,"column":136}},"383":{"start":{"line":664,"column":64},"end":{"line":664,"column":136}},"384":{"start":{"line":665,"column":16},"end":{"line":665,"column":120}},"385":{"start":{"line":665,"column":64},"end":{"line":665,"column":120}},"386":{"start":{"line":666,"column":16},"end":{"line":666,"column":159}},"387":{"start":{"line":666,"column":64},"end":{"line":666,"column":159}},"388":{"start":{"line":667,"column":16},"end":{"line":667,"column":103}},"389":{"start":{"line":667,"column":64},"end":{"line":667,"column":103}},"390":{"start":{"line":668,"column":16},"end":{"line":668,"column":95}},"391":{"start":{"line":668,"column":64},"end":{"line":668,"column":95}},"392":{"start":{"line":669,"column":16},"end":{"line":669,"column":162}},"393":{"start":{"line":669,"column":65},"end":{"line":669,"column":83}},"394":{"start":{"line":669,"column":84},"end":{"line":669,"column":160}},"395":{"start":{"line":669,"column":100},"end":{"line":669,"column":126}},"396":{"start":{"line":669,"column":132},"end":{"line":669,"column":160}},"397":{"start":{"line":670,"column":16},"end":{"line":670,"column":126}},"398":{"start":{"line":670,"column":64},"end":{"line":670,"column":126}},"399":{"start":{"line":671,"column":16},"end":{"line":683,"column":17}},"400":{"start":{"line":673,"column":20},"end":{"line":673,"column":77}},"401":{"start":{"line":674,"column":20},"end":{"line":674,"column":77}},"402":{"start":{"line":675,"column":20},"end":{"line":675,"column":77}},"403":{"start":{"line":676,"column":20},"end":{"line":676,"column":77}},"404":{"start":{"line":677,"column":20},"end":{"line":677,"column":77}},"405":{"start":{"line":678,"column":20},"end":{"line":678,"column":77}},"406":{"start":{"line":679,"column":20},"end":{"line":679,"column":77}},"407":{"start":{"line":680,"column":20},"end":{"line":680,"column":77}},"408":{"start":{"line":681,"column":20},"end":{"line":681,"column":75}},"409":{"start":{"line":682,"column":20},"end":{"line":682,"column":76}},"410":{"start":{"line":684,"column":16},"end":{"line":684,"column":171}},"411":{"start":{"line":684,"column":64},"end":{"line":684,"column":171}},"412":{"start":{"line":685,"column":16},"end":{"line":727,"column":17}},"413":{"start":{"line":687,"column":20},"end":{"line":687,"column":46}},"414":{"start":{"line":688,"column":20},"end":{"line":688,"column":53}},"415":{"start":{"line":689,"column":20},"end":{"line":689,"column":50}},"416":{"start":{"line":690,"column":20},"end":{"line":690,"column":50}},"417":{"start":{"line":691,"column":20},"end":{"line":726,"column":21}},"418":{"start":{"line":691,"column":33},"end":{"line":691,"column":34}},"419":{"start":{"line":693,"column":24},"end":{"line":693,"column":84}},"420":{"start":{"line":694,"column":24},"end":{"line":694,"column":89}},"421":{"start":{"line":694,"column":55},"end":{"line":694,"column":89}},"422":{"start":{"line":695,"column":24},"end":{"line":695,"column":61}},"423":{"start":{"line":696,"column":24},"end":{"line":725,"column":25}},"424":{"start":{"line":696,"column":36},"end":{"line":696,"column":80}},"425":{"start":{"line":697,"column":29},"end":{"line":725,"column":25}},"426":{"start":{"line":697,"column":41},"end":{"line":697,"column":87}},"427":{"start":{"line":698,"column":29},"end":{"line":725,"column":25}},"428":{"start":{"line":698,"column":41},"end":{"line":698,"column":82}},"429":{"start":{"line":700,"column":28},"end":{"line":700,"column":72}},"430":{"start":{"line":701,"column":28},"end":{"line":712,"column":29}},"431":{"start":{"line":702,"column":32},"end":{"line":702,"column":174}},"432":{"start":{"line":702,"column":45},"end":{"line":702,"column":174}},"433":{"start":{"line":703,"column":32},"end":{"line":703,"column":174}},"434":{"start":{"line":703,"column":45},"end":{"line":703,"column":174}},"435":{"start":{"line":704,"column":32},"end":{"line":704,"column":174}},"436":{"start":{"line":704,"column":45},"end":{"line":704,"column":174}},"437":{"start":{"line":705,"column":32},"end":{"line":705,"column":174}},"438":{"start":{"line":705,"column":45},"end":{"line":705,"column":174}},"439":{"start":{"line":706,"column":32},"end":{"line":706,"column":174}},"440":{"start":{"line":706,"column":45},"end":{"line":706,"column":174}},"441":{"start":{"line":707,"column":32},"end":{"line":707,"column":174}},"442":{"start":{"line":707,"column":45},"end":{"line":707,"column":174}},"443":{"start":{"line":708,"column":32},"end":{"line":708,"column":174}},"444":{"start":{"line":708,"column":45},"end":{"line":708,"column":174}},"445":{"start":{"line":709,"column":32},"end":{"line":709,"column":174}},"446":{"start":{"line":709,"column":45},"end":{"line":709,"column":174}},"447":{"start":{"line":710,"column":32},"end":{"line":710,"column":174}},"448":{"start":{"line":710,"column":45},"end":{"line":710,"column":174}},"449":{"start":{"line":711,"column":32},"end":{"line":711,"column":174}},"450":{"start":{"line":711,"column":45},"end":{"line":711,"column":174}},"451":{"start":{"line":713,"column":28},"end":{"line":724,"column":29}},"452":{"start":{"line":714,"column":32},"end":{"line":714,"column":174}},"453":{"start":{"line":714,"column":45},"end":{"line":714,"column":174}},"454":{"start":{"line":715,"column":32},"end":{"line":715,"column":174}},"455":{"start":{"line":715,"column":45},"end":{"line":715,"column":174}},"456":{"start":{"line":716,"column":32},"end":{"line":716,"column":174}},"457":{"start":{"line":716,"column":45},"end":{"line":716,"column":174}},"458":{"start":{"line":717,"column":32},"end":{"line":717,"column":174}},"459":{"start":{"line":717,"column":45},"end":{"line":717,"column":174}},"460":{"start":{"line":718,"column":32},"end":{"line":718,"column":174}},"461":{"start":{"line":718,"column":45},"end":{"line":718,"column":174}},"462":{"start":{"line":719,"column":32},"end":{"line":719,"column":174}},"463":{"start":{"line":719,"column":45},"end":{"line":719,"column":174}},"464":{"start":{"line":720,"column":32},"end":{"line":720,"column":174}},"465":{"start":{"line":720,"column":45},"end":{"line":720,"column":174}},"466":{"start":{"line":721,"column":32},"end":{"line":721,"column":174}},"467":{"start":{"line":721,"column":45},"end":{"line":721,"column":174}},"468":{"start":{"line":722,"column":32},"end":{"line":722,"column":174}},"469":{"start":{"line":722,"column":45},"end":{"line":722,"column":174}},"470":{"start":{"line":723,"column":32},"end":{"line":723,"column":174}},"471":{"start":{"line":723,"column":45},"end":{"line":723,"column":174}},"472":{"start":{"line":728,"column":16},"end":{"line":947,"column":17}},"473":{"start":{"line":730,"column":20},"end":{"line":730,"column":47}},"474":{"start":{"line":731,"column":20},"end":{"line":731,"column":50}},"475":{"start":{"line":732,"column":20},"end":{"line":732,"column":77}},"476":{"start":{"line":733,"column":20},"end":{"line":733,"column":95}},"477":{"start":{"line":734,"column":20},"end":{"line":734,"column":94}},"478":{"start":{"line":735,"column":20},"end":{"line":735,"column":81}},"479":{"start":{"line":736,"column":20},"end":{"line":736,"column":81}},"480":{"start":{"line":737,"column":20},"end":{"line":737,"column":81}},"481":{"start":{"line":738,"column":20},"end":{"line":738,"column":81}},"482":{"start":{"line":739,"column":20},"end":{"line":739,"column":81}},"483":{"start":{"line":740,"column":20},"end":{"line":740,"column":81}},"484":{"start":{"line":741,"column":20},"end":{"line":741,"column":81}},"485":{"start":{"line":742,"column":20},"end":{"line":742,"column":81}},"486":{"start":{"line":743,"column":20},"end":{"line":743,"column":81}},"487":{"start":{"line":744,"column":20},"end":{"line":744,"column":81}},"488":{"start":{"line":745,"column":20},"end":{"line":745,"column":32}},"489":{"start":{"line":746,"column":20},"end":{"line":746,"column":39}},"490":{"start":{"line":747,"column":20},"end":{"line":766,"column":21}},"491":{"start":{"line":749,"column":24},"end":{"line":756,"column":25}},"492":{"start":{"line":750,"column":28},"end":{"line":750,"column":77}},"493":{"start":{"line":751,"column":28},"end":{"line":751,"column":40}},"494":{"start":{"line":752,"column":28},"end":{"line":752,"column":76}},"495":{"start":{"line":753,"column":28},"end":{"line":753,"column":40}},"496":{"start":{"line":754,"column":28},"end":{"line":754,"column":78}},"497":{"start":{"line":755,"column":28},"end":{"line":755,"column":40}},"498":{"start":{"line":757,"column":24},"end":{"line":757,"column":65}},"499":{"start":{"line":758,"column":24},"end":{"line":758,"column":69}},"500":{"start":{"line":758,"column":54},"end":{"line":758,"column":69}},"501":{"start":{"line":759,"column":24},"end":{"line":764,"column":25}},"502":{"start":{"line":759,"column":36},"end":{"line":759,"column":37}},"503":{"start":{"line":761,"column":28},"end":{"line":761,"column":87}},"504":{"start":{"line":762,"column":28},"end":{"line":762,"column":93}},"505":{"start":{"line":762,"column":59},"end":{"line":762,"column":93}},"506":{"start":{"line":763,"column":28},"end":{"line":763,"column":81}},"507":{"start":{"line":765,"column":24},"end":{"line":765,"column":72}},"508":{"start":{"line":767,"column":20},"end":{"line":786,"column":21}},"509":{"start":{"line":769,"column":24},"end":{"line":776,"column":25}},"510":{"start":{"line":770,"column":28},"end":{"line":770,"column":77}},"511":{"start":{"line":771,"column":28},"end":{"line":771,"column":40}},"512":{"start":{"line":772,"column":28},"end":{"line":772,"column":76}},"513":{"start":{"line":773,"column":28},"end":{"line":773,"column":40}},"514":{"start":{"line":774,"column":28},"end":{"line":774,"column":78}},"515":{"start":{"line":775,"column":28},"end":{"line":775,"column":40}},"516":{"start":{"line":777,"column":24},"end":{"line":777,"column":65}},"517":{"start":{"line":778,"column":24},"end":{"line":778,"column":69}},"518":{"start":{"line":778,"column":54},"end":{"line":778,"column":69}},"519":{"start":{"line":779,"column":24},"end":{"line":784,"column":25}},"520":{"start":{"line":779,"column":37},"end":{"line":779,"column":38}},"521":{"start":{"line":781,"column":28},"end":{"line":781,"column":87}},"522":{"start":{"line":782,"column":28},"end":{"line":782,"column":93}},"523":{"start":{"line":782,"column":59},"end":{"line":782,"column":93}},"524":{"start":{"line":783,"column":28},"end":{"line":783,"column":81}},"525":{"start":{"line":785,"column":24},"end":{"line":785,"column":72}},"526":{"start":{"line":787,"column":20},"end":{"line":806,"column":21}},"527":{"start":{"line":789,"column":24},"end":{"line":796,"column":25}},"528":{"start":{"line":790,"column":28},"end":{"line":790,"column":77}},"529":{"start":{"line":791,"column":28},"end":{"line":791,"column":40}},"530":{"start":{"line":792,"column":28},"end":{"line":792,"column":76}},"531":{"start":{"line":793,"column":28},"end":{"line":793,"column":40}},"532":{"start":{"line":794,"column":28},"end":{"line":794,"column":78}},"533":{"start":{"line":795,"column":28},"end":{"line":795,"column":40}},"534":{"start":{"line":797,"column":24},"end":{"line":797,"column":65}},"535":{"start":{"line":798,"column":24},"end":{"line":798,"column":69}},"536":{"start":{"line":798,"column":54},"end":{"line":798,"column":69}},"537":{"start":{"line":799,"column":24},"end":{"line":804,"column":25}},"538":{"start":{"line":799,"column":37},"end":{"line":799,"column":38}},"539":{"start":{"line":801,"column":28},"end":{"line":801,"column":87}},"540":{"start":{"line":802,"column":28},"end":{"line":802,"column":93}},"541":{"start":{"line":802,"column":59},"end":{"line":802,"column":93}},"542":{"start":{"line":803,"column":28},"end":{"line":803,"column":81}},"543":{"start":{"line":805,"column":24},"end":{"line":805,"column":72}},"544":{"start":{"line":807,"column":20},"end":{"line":826,"column":21}},"545":{"start":{"line":809,"column":24},"end":{"line":816,"column":25}},"546":{"start":{"line":810,"column":28},"end":{"line":810,"column":77}},"547":{"start":{"line":811,"column":28},"end":{"line":811,"column":40}},"548":{"start":{"line":812,"column":28},"end":{"line":812,"column":76}},"549":{"start":{"line":813,"column":28},"end":{"line":813,"column":40}},"550":{"start":{"line":814,"column":28},"end":{"line":814,"column":78}},"551":{"start":{"line":815,"column":28},"end":{"line":815,"column":40}},"552":{"start":{"line":817,"column":24},"end":{"line":817,"column":65}},"553":{"start":{"line":818,"column":24},"end":{"line":818,"column":69}},"554":{"start":{"line":818,"column":54},"end":{"line":818,"column":69}},"555":{"start":{"line":819,"column":24},"end":{"line":824,"column":25}},"556":{"start":{"line":819,"column":37},"end":{"line":819,"column":38}},"557":{"start":{"line":821,"column":28},"end":{"line":821,"column":87}},"558":{"start":{"line":822,"column":28},"end":{"line":822,"column":93}},"559":{"start":{"line":822,"column":59},"end":{"line":822,"column":93}},"560":{"start":{"line":823,"column":28},"end":{"line":823,"column":81}},"561":{"start":{"line":825,"column":24},"end":{"line":825,"column":72}},"562":{"start":{"line":827,"column":20},"end":{"line":846,"column":21}},"563":{"start":{"line":829,"column":24},"end":{"line":836,"column":25}},"564":{"start":{"line":830,"column":28},"end":{"line":830,"column":77}},"565":{"start":{"line":831,"column":28},"end":{"line":831,"column":40}},"566":{"start":{"line":832,"column":28},"end":{"line":832,"column":76}},"567":{"start":{"line":833,"column":28},"end":{"line":833,"column":40}},"568":{"start":{"line":834,"column":28},"end":{"line":834,"column":78}},"569":{"start":{"line":835,"column":28},"end":{"line":835,"column":40}},"570":{"start":{"line":837,"column":24},"end":{"line":837,"column":65}},"571":{"start":{"line":838,"column":24},"end":{"line":838,"column":69}},"572":{"start":{"line":838,"column":54},"end":{"line":838,"column":69}},"573":{"start":{"line":839,"column":24},"end":{"line":844,"column":25}},"574":{"start":{"line":839,"column":37},"end":{"line":839,"column":38}},"575":{"start":{"line":841,"column":28},"end":{"line":841,"column":87}},"576":{"start":{"line":842,"column":28},"end":{"line":842,"column":93}},"577":{"start":{"line":842,"column":59},"end":{"line":842,"column":93}},"578":{"start":{"line":843,"column":28},"end":{"line":843,"column":81}},"579":{"start":{"line":845,"column":24},"end":{"line":845,"column":72}},"580":{"start":{"line":847,"column":20},"end":{"line":866,"column":21}},"581":{"start":{"line":849,"column":24},"end":{"line":856,"column":25}},"582":{"start":{"line":850,"column":28},"end":{"line":850,"column":77}},"583":{"start":{"line":851,"column":28},"end":{"line":851,"column":40}},"584":{"start":{"line":852,"column":28},"end":{"line":852,"column":76}},"585":{"start":{"line":853,"column":28},"end":{"line":853,"column":40}},"586":{"start":{"line":854,"column":28},"end":{"line":854,"column":78}},"587":{"start":{"line":855,"column":28},"end":{"line":855,"column":40}},"588":{"start":{"line":857,"column":24},"end":{"line":857,"column":65}},"589":{"start":{"line":858,"column":24},"end":{"line":858,"column":69}},"590":{"start":{"line":858,"column":54},"end":{"line":858,"column":69}},"591":{"start":{"line":859,"column":24},"end":{"line":864,"column":25}},"592":{"start":{"line":859,"column":37},"end":{"line":859,"column":38}},"593":{"start":{"line":861,"column":28},"end":{"line":861,"column":87}},"594":{"start":{"line":862,"column":28},"end":{"line":862,"column":93}},"595":{"start":{"line":862,"column":59},"end":{"line":862,"column":93}},"596":{"start":{"line":863,"column":28},"end":{"line":863,"column":81}},"597":{"start":{"line":865,"column":24},"end":{"line":865,"column":72}},"598":{"start":{"line":867,"column":20},"end":{"line":886,"column":21}},"599":{"start":{"line":869,"column":24},"end":{"line":876,"column":25}},"600":{"start":{"line":870,"column":28},"end":{"line":870,"column":77}},"601":{"start":{"line":871,"column":28},"end":{"line":871,"column":40}},"602":{"start":{"line":872,"column":28},"end":{"line":872,"column":76}},"603":{"start":{"line":873,"column":28},"end":{"line":873,"column":40}},"604":{"start":{"line":874,"column":28},"end":{"line":874,"column":78}},"605":{"start":{"line":875,"column":28},"end":{"line":875,"column":40}},"606":{"start":{"line":877,"column":24},"end":{"line":877,"column":65}},"607":{"start":{"line":878,"column":24},"end":{"line":878,"column":69}},"608":{"start":{"line":878,"column":54},"end":{"line":878,"column":69}},"609":{"start":{"line":879,"column":24},"end":{"line":884,"column":25}},"610":{"start":{"line":879,"column":37},"end":{"line":879,"column":38}},"611":{"start":{"line":881,"column":28},"end":{"line":881,"column":87}},"612":{"start":{"line":882,"column":28},"end":{"line":882,"column":93}},"613":{"start":{"line":882,"column":59},"end":{"line":882,"column":93}},"614":{"start":{"line":883,"column":28},"end":{"line":883,"column":81}},"615":{"start":{"line":885,"column":24},"end":{"line":885,"column":72}},"616":{"start":{"line":887,"column":20},"end":{"line":906,"column":21}},"617":{"start":{"line":889,"column":24},"end":{"line":896,"column":25}},"618":{"start":{"line":890,"column":28},"end":{"line":890,"column":77}},"619":{"start":{"line":891,"column":28},"end":{"line":891,"column":40}},"620":{"start":{"line":892,"column":28},"end":{"line":892,"column":76}},"621":{"start":{"line":893,"column":28},"end":{"line":893,"column":40}},"622":{"start":{"line":894,"column":28},"end":{"line":894,"column":78}},"623":{"start":{"line":895,"column":28},"end":{"line":895,"column":40}},"624":{"start":{"line":897,"column":24},"end":{"line":897,"column":65}},"625":{"start":{"line":898,"column":24},"end":{"line":898,"column":69}},"626":{"start":{"line":898,"column":54},"end":{"line":898,"column":69}},"627":{"start":{"line":899,"column":24},"end":{"line":904,"column":25}},"628":{"start":{"line":899,"column":37},"end":{"line":899,"column":38}},"629":{"start":{"line":901,"column":28},"end":{"line":901,"column":87}},"630":{"start":{"line":902,"column":28},"end":{"line":902,"column":93}},"631":{"start":{"line":902,"column":59},"end":{"line":902,"column":93}},"632":{"start":{"line":903,"column":28},"end":{"line":903,"column":81}},"633":{"start":{"line":905,"column":24},"end":{"line":905,"column":72}},"634":{"start":{"line":907,"column":20},"end":{"line":926,"column":21}},"635":{"start":{"line":909,"column":24},"end":{"line":916,"column":25}},"636":{"start":{"line":910,"column":28},"end":{"line":910,"column":77}},"637":{"start":{"line":911,"column":28},"end":{"line":911,"column":40}},"638":{"start":{"line":912,"column":28},"end":{"line":912,"column":76}},"639":{"start":{"line":913,"column":28},"end":{"line":913,"column":40}},"640":{"start":{"line":914,"column":28},"end":{"line":914,"column":78}},"641":{"start":{"line":915,"column":28},"end":{"line":915,"column":40}},"642":{"start":{"line":917,"column":24},"end":{"line":917,"column":65}},"643":{"start":{"line":918,"column":24},"end":{"line":918,"column":69}},"644":{"start":{"line":918,"column":54},"end":{"line":918,"column":69}},"645":{"start":{"line":919,"column":24},"end":{"line":924,"column":25}},"646":{"start":{"line":919,"column":37},"end":{"line":919,"column":38}},"647":{"start":{"line":921,"column":28},"end":{"line":921,"column":87}},"648":{"start":{"line":922,"column":28},"end":{"line":922,"column":93}},"649":{"start":{"line":922,"column":59},"end":{"line":922,"column":93}},"650":{"start":{"line":923,"column":28},"end":{"line":923,"column":81}},"651":{"start":{"line":925,"column":24},"end":{"line":925,"column":72}},"652":{"start":{"line":927,"column":20},"end":{"line":946,"column":21}},"653":{"start":{"line":929,"column":24},"end":{"line":936,"column":25}},"654":{"start":{"line":930,"column":28},"end":{"line":930,"column":77}},"655":{"start":{"line":931,"column":28},"end":{"line":931,"column":40}},"656":{"start":{"line":932,"column":28},"end":{"line":932,"column":76}},"657":{"start":{"line":933,"column":28},"end":{"line":933,"column":40}},"658":{"start":{"line":934,"column":28},"end":{"line":934,"column":78}},"659":{"start":{"line":935,"column":28},"end":{"line":935,"column":40}},"660":{"start":{"line":937,"column":24},"end":{"line":937,"column":65}},"661":{"start":{"line":938,"column":24},"end":{"line":938,"column":69}},"662":{"start":{"line":938,"column":54},"end":{"line":938,"column":69}},"663":{"start":{"line":939,"column":24},"end":{"line":944,"column":25}},"664":{"start":{"line":939,"column":37},"end":{"line":939,"column":38}},"665":{"start":{"line":941,"column":28},"end":{"line":941,"column":87}},"666":{"start":{"line":942,"column":28},"end":{"line":942,"column":93}},"667":{"start":{"line":942,"column":59},"end":{"line":942,"column":93}},"668":{"start":{"line":943,"column":28},"end":{"line":943,"column":81}},"669":{"start":{"line":945,"column":24},"end":{"line":945,"column":72}},"670":{"start":{"line":948,"column":16},"end":{"line":954,"column":17}},"671":{"start":{"line":949,"column":20},"end":{"line":949,"column":113}},"672":{"start":{"line":950,"column":20},"end":{"line":950,"column":117}},"673":{"start":{"line":951,"column":20},"end":{"line":951,"column":76}},"674":{"start":{"line":952,"column":20},"end":{"line":952,"column":92}},"675":{"start":{"line":953,"column":20},"end":{"line":953,"column":97}},"676":{"start":{"line":955,"column":16},"end":{"line":960,"column":17}},"677":{"start":{"line":956,"column":20},"end":{"line":957,"column":64}},"678":{"start":{"line":957,"column":24},"end":{"line":957,"column":64}},"679":{"start":{"line":958,"column":20},"end":{"line":959,"column":66}},"680":{"start":{"line":959,"column":24},"end":{"line":959,"column":66}},"681":{"start":{"line":961,"column":16},"end":{"line":963,"column":17}},"682":{"start":{"line":962,"column":20},"end":{"line":962,"column":54}},"683":{"start":{"line":964,"column":16},"end":{"line":967,"column":17}},"684":{"start":{"line":965,"column":20},"end":{"line":965,"column":82}},"685":{"start":{"line":966,"column":20},"end":{"line":966,"column":78}},"686":{"start":{"line":968,"column":16},"end":{"line":975,"column":17}},"687":{"start":{"line":969,"column":20},"end":{"line":969,"column":32}},"688":{"start":{"line":970,"column":20},"end":{"line":970,"column":137}},"689":{"start":{"line":970,"column":55},"end":{"line":970,"column":128}},"690":{"start":{"line":970,"column":128},"end":{"line":970,"column":136}},"691":{"start":{"line":971,"column":20},"end":{"line":971,"column":141}},"692":{"start":{"line":971,"column":55},"end":{"line":971,"column":132}},"693":{"start":{"line":971,"column":132},"end":{"line":971,"column":140}},"694":{"start":{"line":972,"column":20},"end":{"line":972,"column":139}},"695":{"start":{"line":972,"column":55},"end":{"line":972,"column":130}},"696":{"start":{"line":972,"column":130},"end":{"line":972,"column":138}},"697":{"start":{"line":973,"column":20},"end":{"line":973,"column":137}},"698":{"start":{"line":973,"column":55},"end":{"line":973,"column":128}},"699":{"start":{"line":973,"column":128},"end":{"line":973,"column":136}},"700":{"start":{"line":974,"column":20},"end":{"line":974,"column":135}},"701":{"start":{"line":974,"column":55},"end":{"line":974,"column":126}},"702":{"start":{"line":974,"column":126},"end":{"line":974,"column":134}},"703":{"start":{"line":976,"column":16},"end":{"line":993,"column":17}},"704":{"start":{"line":977,"column":20},"end":{"line":977,"column":28}},"705":{"start":{"line":978,"column":20},"end":{"line":978,"column":150}},"706":{"start":{"line":979,"column":20},"end":{"line":979,"column":32}},"707":{"start":{"line":980,"column":20},"end":{"line":980,"column":150}},"708":{"start":{"line":981,"column":20},"end":{"line":981,"column":32}},"709":{"start":{"line":982,"column":20},"end":{"line":982,"column":152}},"710":{"start":{"line":983,"column":20},"end":{"line":983,"column":32}},"711":{"start":{"line":984,"column":20},"end":{"line":984,"column":152}},"712":{"start":{"line":985,"column":20},"end":{"line":985,"column":32}},"713":{"start":{"line":986,"column":20},"end":{"line":986,"column":144}},"714":{"start":{"line":987,"column":20},"end":{"line":987,"column":32}},"715":{"start":{"line":988,"column":20},"end":{"line":988,"column":144}},"716":{"start":{"line":989,"column":20},"end":{"line":989,"column":32}},"717":{"start":{"line":990,"column":20},"end":{"line":990,"column":146}},"718":{"start":{"line":991,"column":20},"end":{"line":991,"column":32}},"719":{"start":{"line":992,"column":20},"end":{"line":992,"column":146}},"720":{"start":{"line":994,"column":16},"end":{"line":1012,"column":17}},"721":{"start":{"line":995,"column":20},"end":{"line":995,"column":149}},"722":{"start":{"line":996,"column":20},"end":{"line":996,"column":151}},"723":{"start":{"line":997,"column":20},"end":{"line":997,"column":152}},"724":{"start":{"line":998,"column":20},"end":{"line":998,"column":155}},"725":{"start":{"line":999,"column":20},"end":{"line":999,"column":153}},"726":{"start":{"line":1000,"column":20},"end":{"line":1000,"column":155}},"727":{"start":{"line":1001,"column":20},"end":{"line":1001,"column":155}},"728":{"start":{"line":1002,"column":20},"end":{"line":1002,"column":157}},"729":{"start":{"line":1003,"column":23},"end":{"line":1012,"column":17}},"730":{"start":{"line":1004,"column":20},"end":{"line":1004,"column":148}},"731":{"start":{"line":1005,"column":20},"end":{"line":1005,"column":150}},"732":{"start":{"line":1006,"column":20},"end":{"line":1006,"column":150}},"733":{"start":{"line":1007,"column":20},"end":{"line":1007,"column":153}},"734":{"start":{"line":1008,"column":20},"end":{"line":1008,"column":151}},"735":{"start":{"line":1009,"column":20},"end":{"line":1009,"column":153}},"736":{"start":{"line":1010,"column":20},"end":{"line":1010,"column":153}},"737":{"start":{"line":1011,"column":20},"end":{"line":1011,"column":155}},"738":{"start":{"line":1013,"column":16},"end":{"line":1020,"column":17}},"739":{"start":{"line":1014,"column":20},"end":{"line":1014,"column":28}},"740":{"start":{"line":1015,"column":20},"end":{"line":1015,"column":84}},"741":{"start":{"line":1016,"column":20},"end":{"line":1016,"column":32}},"742":{"start":{"line":1017,"column":20},"end":{"line":1017,"column":84}},"743":{"start":{"line":1018,"column":20},"end":{"line":1018,"column":32}},"744":{"start":{"line":1019,"column":20},"end":{"line":1019,"column":88}},"745":{"start":{"line":1021,"column":16},"end":{"line":1031,"column":17}},"746":{"start":{"line":1022,"column":20},"end":{"line":1022,"column":83}},"747":{"start":{"line":1023,"column":20},"end":{"line":1023,"column":83}},"748":{"start":{"line":1024,"column":20},"end":{"line":1024,"column":81}},"749":{"start":{"line":1025,"column":20},"end":{"line":1025,"column":83}},"750":{"start":{"line":1026,"column":20},"end":{"line":1026,"column":84}},"751":{"start":{"line":1027,"column":20},"end":{"line":1027,"column":83}},"752":{"start":{"line":1028,"column":20},"end":{"line":1028,"column":85}},"753":{"start":{"line":1029,"column":20},"end":{"line":1029,"column":85}},"754":{"start":{"line":1030,"column":20},"end":{"line":1030,"column":83}},"755":{"start":{"line":1032,"column":16},"end":{"line":1032,"column":120}},"756":{"start":{"line":1032,"column":63},"end":{"line":1032,"column":120}},"757":{"start":{"line":1033,"column":16},"end":{"line":1033,"column":118}},"758":{"start":{"line":1033,"column":63},"end":{"line":1033,"column":118}},"759":{"start":{"line":1034,"column":16},"end":{"line":1034,"column":128}},"760":{"start":{"line":1034,"column":63},"end":{"line":1034,"column":128}},"761":{"start":{"line":1035,"column":16},"end":{"line":1035,"column":102}},"762":{"start":{"line":1035,"column":63},"end":{"line":1035,"column":102}},"763":{"start":{"line":1036,"column":16},"end":{"line":1059,"column":17}},"764":{"start":{"line":1037,"column":20},"end":{"line":1037,"column":28}},"765":{"start":{"line":1038,"column":20},"end":{"line":1038,"column":111}},"766":{"start":{"line":1039,"column":20},"end":{"line":1039,"column":32}},"767":{"start":{"line":1040,"column":20},"end":{"line":1040,"column":115}},"768":{"start":{"line":1041,"column":20},"end":{"line":1041,"column":32}},"769":{"start":{"line":1042,"column":20},"end":{"line":1042,"column":115}},"770":{"start":{"line":1043,"column":20},"end":{"line":1043,"column":32}},"771":{"start":{"line":1044,"column":20},"end":{"line":1044,"column":94}},"772":{"start":{"line":1045,"column":20},"end":{"line":1045,"column":32}},"773":{"start":{"line":1046,"column":20},"end":{"line":1046,"column":99}},"774":{"start":{"line":1047,"column":20},"end":{"line":1047,"column":32}},"775":{"start":{"line":1048,"column":20},"end":{"line":1048,"column":99}},"776":{"start":{"line":1049,"column":20},"end":{"line":1049,"column":32}},"777":{"start":{"line":1050,"column":20},"end":{"line":1050,"column":96}},"778":{"start":{"line":1051,"column":20},"end":{"line":1051,"column":32}},"779":{"start":{"line":1052,"column":20},"end":{"line":1052,"column":99}},"780":{"start":{"line":1053,"column":20},"end":{"line":1053,"column":32}},"781":{"start":{"line":1054,"column":20},"end":{"line":1054,"column":99}},"782":{"start":{"line":1055,"column":20},"end":{"line":1055,"column":32}},"783":{"start":{"line":1056,"column":20},"end":{"line":1056,"column":98}},"784":{"start":{"line":1057,"column":20},"end":{"line":1057,"column":32}},"785":{"start":{"line":1058,"column":20},"end":{"line":1058,"column":97}},"786":{"start":{"line":1060,"column":16},"end":{"line":1109,"column":17}},"787":{"start":{"line":1061,"column":20},"end":{"line":1061,"column":29}},"788":{"start":{"line":1062,"column":20},"end":{"line":1108,"column":21}},"789":{"start":{"line":1063,"column":24},"end":{"line":1063,"column":51}},"790":{"start":{"line":1064,"column":24},"end":{"line":1064,"column":69}},"791":{"start":{"line":1064,"column":70},"end":{"line":1064,"column":75}},"792":{"start":{"line":1065,"column":24},"end":{"line":1065,"column":71}},"793":{"start":{"line":1065,"column":72},"end":{"line":1065,"column":77}},"794":{"start":{"line":1066,"column":24},"end":{"line":1066,"column":71}},"795":{"start":{"line":1066,"column":72},"end":{"line":1066,"column":77}},"796":{"start":{"line":1067,"column":24},"end":{"line":1067,"column":65}},"797":{"start":{"line":1067,"column":66},"end":{"line":1067,"column":71}},"798":{"start":{"line":1068,"column":24},"end":{"line":1068,"column":71}},"799":{"start":{"line":1068,"column":72},"end":{"line":1068,"column":77}},"800":{"start":{"line":1069,"column":24},"end":{"line":1069,"column":71}},"801":{"start":{"line":1069,"column":72},"end":{"line":1069,"column":77}},"802":{"start":{"line":1070,"column":24},"end":{"line":1070,"column":65}},"803":{"start":{"line":1070,"column":66},"end":{"line":1070,"column":71}},"804":{"start":{"line":1071,"column":24},"end":{"line":1071,"column":71}},"805":{"start":{"line":1071,"column":72},"end":{"line":1071,"column":77}},"806":{"start":{"line":1072,"column":24},"end":{"line":1072,"column":71}},"807":{"start":{"line":1072,"column":72},"end":{"line":1072,"column":77}},"808":{"start":{"line":1073,"column":24},"end":{"line":1073,"column":65}},"809":{"start":{"line":1074,"column":27},"end":{"line":1108,"column":21}},"810":{"start":{"line":1075,"column":24},"end":{"line":1075,"column":106}},"811":{"start":{"line":1076,"column":24},"end":{"line":1076,"column":51}},"812":{"start":{"line":1077,"column":24},"end":{"line":1077,"column":66}},"813":{"start":{"line":1077,"column":67},"end":{"line":1077,"column":72}},"814":{"start":{"line":1078,"column":24},"end":{"line":1078,"column":72}},"815":{"start":{"line":1078,"column":73},"end":{"line":1078,"column":78}},"816":{"start":{"line":1079,"column":24},"end":{"line":1079,"column":72}},"817":{"start":{"line":1079,"column":73},"end":{"line":1079,"column":78}},"818":{"start":{"line":1080,"column":24},"end":{"line":1080,"column":66}},"819":{"start":{"line":1080,"column":67},"end":{"line":1080,"column":72}},"820":{"start":{"line":1081,"column":24},"end":{"line":1081,"column":72}},"821":{"start":{"line":1081,"column":73},"end":{"line":1081,"column":78}},"822":{"start":{"line":1082,"column":24},"end":{"line":1082,"column":72}},"823":{"start":{"line":1082,"column":73},"end":{"line":1082,"column":78}},"824":{"start":{"line":1083,"column":24},"end":{"line":1083,"column":66}},"825":{"start":{"line":1083,"column":67},"end":{"line":1083,"column":72}},"826":{"start":{"line":1084,"column":24},"end":{"line":1084,"column":72}},"827":{"start":{"line":1084,"column":73},"end":{"line":1084,"column":78}},"828":{"start":{"line":1085,"column":24},"end":{"line":1085,"column":72}},"829":{"start":{"line":1085,"column":73},"end":{"line":1085,"column":78}},"830":{"start":{"line":1086,"column":24},"end":{"line":1086,"column":66}},"831":{"start":{"line":1086,"column":67},"end":{"line":1086,"column":72}},"832":{"start":{"line":1087,"column":27},"end":{"line":1108,"column":21}},"833":{"start":{"line":1088,"column":24},"end":{"line":1088,"column":53}},"834":{"start":{"line":1089,"column":24},"end":{"line":1089,"column":79}},"835":{"start":{"line":1089,"column":80},"end":{"line":1089,"column":85}},"836":{"start":{"line":1090,"column":24},"end":{"line":1090,"column":79}},"837":{"start":{"line":1090,"column":80},"end":{"line":1090,"column":85}},"838":{"start":{"line":1091,"column":24},"end":{"line":1091,"column":60}},"839":{"start":{"line":1091,"column":61},"end":{"line":1091,"column":66}},"840":{"start":{"line":1092,"column":24},"end":{"line":1092,"column":77}},"841":{"start":{"line":1092,"column":44},"end":{"line":1092,"column":77}},"842":{"start":{"line":1093,"column":24},"end":{"line":1093,"column":106}},"843":{"start":{"line":1094,"column":24},"end":{"line":1094,"column":74}},"844":{"start":{"line":1094,"column":75},"end":{"line":1094,"column":80}},"845":{"start":{"line":1095,"column":24},"end":{"line":1095,"column":80}},"846":{"start":{"line":1095,"column":81},"end":{"line":1095,"column":86}},"847":{"start":{"line":1096,"column":24},"end":{"line":1096,"column":80}},"848":{"start":{"line":1096,"column":81},"end":{"line":1096,"column":86}},"849":{"start":{"line":1097,"column":24},"end":{"line":1097,"column":80}},"850":{"start":{"line":1097,"column":81},"end":{"line":1097,"column":86}},"851":{"start":{"line":1098,"column":24},"end":{"line":1098,"column":74}},"852":{"start":{"line":1098,"column":75},"end":{"line":1098,"column":80}},"853":{"start":{"line":1099,"column":24},"end":{"line":1099,"column":74}},"854":{"start":{"line":1099,"column":75},"end":{"line":1099,"column":80}},"855":{"start":{"line":1100,"column":24},"end":{"line":1100,"column":78}},"856":{"start":{"line":1100,"column":79},"end":{"line":1100,"column":84}},"857":{"start":{"line":1101,"column":24},"end":{"line":1101,"column":73}},"858":{"start":{"line":1101,"column":74},"end":{"line":1101,"column":79}},"859":{"start":{"line":1102,"column":24},"end":{"line":1102,"column":73}},"860":{"start":{"line":1102,"column":74},"end":{"line":1102,"column":79}},"861":{"start":{"line":1103,"column":24},"end":{"line":1103,"column":66}},"862":{"start":{"line":1104,"column":24},"end":{"line":1104,"column":83}},"863":{"start":{"line":1105,"column":24},"end":{"line":1105,"column":83}},"864":{"start":{"line":1106,"column":24},"end":{"line":1106,"column":83}},"865":{"start":{"line":1107,"column":24},"end":{"line":1107,"column":83}},"866":{"start":{"line":1111,"column":12},"end":{"line":1115,"column":13}},"867":{"start":{"line":1112,"column":16},"end":{"line":1112,"column":48}},"868":{"start":{"line":1112,"column":48},"end":{"line":1112,"column":96}},"869":{"start":{"line":1113,"column":16},"end":{"line":1113,"column":52}},"870":{"start":{"line":1114,"column":16},"end":{"line":1114,"column":51}},"871":{"start":{"line":1116,"column":12},"end":{"line":1126,"column":13}},"872":{"start":{"line":1117,"column":16},"end":{"line":1117,"column":48}},"873":{"start":{"line":1117,"column":48},"end":{"line":1117,"column":96}},"874":{"start":{"line":1118,"column":16},"end":{"line":1118,"column":52}},"875":{"start":{"line":1119,"column":16},"end":{"line":1119,"column":51}},"876":{"start":{"line":1120,"column":16},"end":{"line":1120,"column":59}},"877":{"start":{"line":1121,"column":16},"end":{"line":1121,"column":42}},"878":{"start":{"line":1122,"column":16},"end":{"line":1122,"column":251}},"879":{"start":{"line":1122,"column":49},"end":{"line":1122,"column":109}},"880":{"start":{"line":1122,"column":109},"end":{"line":1122,"column":149}},"881":{"start":{"line":1122,"column":157},"end":{"line":1122,"column":210}},"882":{"start":{"line":1122,"column":210},"end":{"line":1122,"column":250}},"883":{"start":{"line":1123,"column":16},"end":{"line":1123,"column":42}},"884":{"start":{"line":1124,"column":16},"end":{"line":1124,"column":254}},"885":{"start":{"line":1124,"column":50},"end":{"line":1124,"column":111}},"886":{"start":{"line":1124,"column":111},"end":{"line":1124,"column":151}},"887":{"start":{"line":1124,"column":159},"end":{"line":1124,"column":213}},"888":{"start":{"line":1124,"column":213},"end":{"line":1124,"column":253}},"889":{"start":{"line":1125,"column":16},"end":{"line":1125,"column":43}},"890":{"start":{"line":1130,"column":12},"end":{"line":1130,"column":31}},"891":{"start":{"line":1131,"column":12},"end":{"line":1131,"column":43}},"892":{"start":{"line":1134,"column":4},"end":{"line":1134,"column":19}},"893":{"start":{"line":1137,"column":18},"end":{"line":1137,"column":20}},"894":{"start":{"line":1138,"column":16},"end":{"line":1138,"column":27}},"895":{"start":{"line":1139,"column":4},"end":{"line":1139,"column":22}},"896":{"start":{"line":1140,"column":18},"end":{"line":1140,"column":45}},"897":{"start":{"line":1141,"column":4},"end":{"line":1145,"column":5}},"898":{"start":{"line":1142,"column":8},"end":{"line":1144,"column":9}},"899":{"start":{"line":1143,"column":12},"end":{"line":1143,"column":53}},"900":{"start":{"line":1146,"column":4},"end":{"line":1183,"column":5}},"901":{"start":{"line":1147,"column":8},"end":{"line":1153,"column":9}},"902":{"start":{"line":1155,"column":9},"end":{"line":1183,"column":5}},"903":{"start":{"line":1156,"column":8},"end":{"line":1162,"column":9}},"904":{"start":{"line":1164,"column":9},"end":{"line":1183,"column":5}},"905":{"start":{"line":1165,"column":8},"end":{"line":1182,"column":9}},"906":{"start":{"line":1166,"column":12},"end":{"line":1172,"column":13}},"907":{"start":{"line":1175,"column":12},"end":{"line":1181,"column":13}},"908":{"start":{"line":1184,"column":4},"end":{"line":1209,"column":5}},"909":{"start":{"line":1185,"column":8},"end":{"line":1208,"column":9}},"910":{"start":{"line":1186,"column":25},"end":{"line":1186,"column":51}},"911":{"start":{"line":1187,"column":27},"end":{"line":1187,"column":55}},"912":{"start":{"line":1188,"column":23},"end":{"line":1188,"column":60}},"913":{"start":{"line":1189,"column":12},"end":{"line":1196,"column":13}},"914":{"start":{"line":1199,"column":27},"end":{"line":1199,"column":55}},"915":{"start":{"line":1200,"column":12},"end":{"line":1207,"column":13}},"916":{"start":{"line":1210,"column":4},"end":{"line":1213,"column":5}},"917":{"start":{"line":1216,"column":0},"end":{"line":1216,"column":56}},"918":{"start":{"line":1223,"column":41},"end":{"line":1223,"column":43}},"919":{"start":{"line":1228,"column":30},"end":{"line":1228,"column":64}},"920":{"start":{"line":1229,"column":11},"end":{"line":1231,"column":12}},"921":{"start":{"line":1230,"column":12},"end":{"line":1230,"column":40}},"922":{"start":{"line":1233,"column":24},"end":{"line":1237,"column":12}},"923":{"start":{"line":1240,"column":11},"end":{"line":1240,"column":86}},"924":{"start":{"line":1243,"column":11},"end":{"line":1243,"column":33}},"925":{"start":{"line":1251,"column":10},"end":{"line":1251,"column":35}},"926":{"start":{"line":1252,"column":10},"end":{"line":1252,"column":35}},"927":{"start":{"line":1253,"column":10},"end":{"line":1253,"column":35}},"928":{"start":{"line":1254,"column":36},"end":{"line":1254,"column":60}},"929":{"start":{"line":1256,"column":10},"end":{"line":1256,"column":37}}},"fnMap":{"0":{"name":"webpackUniversalModuleDefinition","decl":{"start":{"line":1,"column":10},"end":{"line":1,"column":42}},"loc":{"start":{"line":1,"column":58},"end":{"line":10,"column":1}},"line":1},"1":{"name":"(anonymous_1)","decl":{"start":{"line":10,"column":11},"end":{"line":10,"column":12}},"loc":{"start":{"line":10,"column":17},"end":{"line":1259,"column":1}},"line":10},"2":{"name":"(anonymous_2)","decl":{"start":{"line":11,"column":17},"end":{"line":11,"column":18}},"loc":{"start":{"line":11,"column":23},"end":{"line":1257,"column":10}},"line":11},"3":{"name":"(anonymous_3)","decl":{"start":{"line":15,"column":7},"end":{"line":15,"column":8}},"loc":{"start":{"line":15,"column":45},"end":{"line":506,"column":7}},"line":15},"4":{"name":"(anonymous_4)","decl":{"start":{"line":102,"column":27},"end":{"line":102,"column":28}},"loc":{"start":{"line":102,"column":39},"end":{"line":106,"column":1}},"line":102},"5":{"name":"brUncompress","decl":{"start":{"line":107,"column":9},"end":{"line":107,"column":21}},"loc":{"start":{"line":107,"column":75},"end":{"line":121,"column":1}},"line":107},"6":{"name":"initResult","decl":{"start":{"line":122,"column":9},"end":{"line":122,"column":19}},"loc":{"start":{"line":122,"column":22},"end":{"line":137,"column":1}},"line":122},"7":{"name":"parseHexString","decl":{"start":{"line":138,"column":9},"end":{"line":138,"column":23}},"loc":{"start":{"line":138,"column":29},"end":{"line":159,"column":1}},"line":138},"8":{"name":"(anonymous_8)","decl":{"start":{"line":149,"column":16},"end":{"line":149,"column":17}},"loc":{"start":{"line":149,"column":28},"end":{"line":151,"column":9}},"line":149},"9":{"name":"createBuffer","decl":{"start":{"line":161,"column":9},"end":{"line":161,"column":21}},"loc":{"start":{"line":161,"column":33},"end":{"line":234,"column":1}},"line":161},"10":{"name":"bitsBuf2HuffPattern","decl":{"start":{"line":162,"column":13},"end":{"line":162,"column":32}},"loc":{"start":{"line":162,"column":57},"end":{"line":179,"column":5}},"line":162},"11":{"name":"(anonymous_11)","decl":{"start":{"line":183,"column":23},"end":{"line":183,"column":24}},"loc":{"start":{"line":183,"column":57},"end":{"line":217,"column":9}},"line":183},"12":{"name":"(anonymous_12)","decl":{"start":{"line":218,"column":25},"end":{"line":218,"column":26}},"loc":{"start":{"line":218,"column":47},"end":{"line":232,"column":9}},"line":218},"13":{"name":"generateFlag","decl":{"start":{"line":235,"column":9},"end":{"line":235,"column":21}},"loc":{"start":{"line":235,"column":33},"end":{"line":246,"column":1}},"line":235},"14":{"name":"prePopulateOutput","decl":{"start":{"line":247,"column":9},"end":{"line":247,"column":26}},"loc":{"start":{"line":247,"column":62},"end":{"line":273,"column":1}},"line":247},"15":{"name":"computeSeries","decl":{"start":{"line":274,"column":9},"end":{"line":274,"column":22}},"loc":{"start":{"line":274,"column":68},"end":{"line":289,"column":1}},"line":274},"16":{"name":"findi1FromArgList","decl":{"start":{"line":290,"column":9},"end":{"line":290,"column":26}},"loc":{"start":{"line":290,"column":41},"end":{"line":295,"column":1}},"line":290},"17":{"name":"extractTimestampFromBuffer","decl":{"start":{"line":296,"column":9},"end":{"line":296,"column":35}},"loc":{"start":{"line":296,"column":59},"end":{"line":302,"column":1}},"line":296},"18":{"name":"computeTimestampFromBi","decl":{"start":{"line":303,"column":9},"end":{"line":303,"column":31}},"loc":{"start":{"line":303,"column":59},"end":{"line":307,"column":1}},"line":303},"19":{"name":"computeTimestampFromPositiveBi","decl":{"start":{"line":308,"column":9},"end":{"line":308,"column":39}},"loc":{"start":{"line":308,"column":67},"end":{"line":310,"column":1}},"line":308},"20":{"name":"getMeasure","decl":{"start":{"line":311,"column":9},"end":{"line":311,"column":19}},"loc":{"start":{"line":311,"column":40},"end":{"line":314,"column":1}},"line":311},"21":{"name":"bytes2Float32","decl":{"start":{"line":315,"column":9},"end":{"line":315,"column":22}},"loc":{"start":{"line":315,"column":30},"end":{"line":326,"column":1}},"line":315},"22":{"name":"uncompressSamplesData","decl":{"start":{"line":327,"column":9},"end":{"line":327,"column":30}},"loc":{"start":{"line":327,"column":106},"end":{"line":330,"column":1}},"line":327},"23":{"name":"handleCommonTimestamp","decl":{"start":{"line":331,"column":9},"end":{"line":331,"column":30}},"loc":{"start":{"line":331,"column":90},"end":{"line":373,"column":1}},"line":331},"24":{"name":"initTimestampCommonTable","decl":{"start":{"line":374,"column":9},"end":{"line":374,"column":33}},"loc":{"start":{"line":374,"column":79},"end":{"line":400,"column":1}},"line":374},"25":{"name":"completeCurrentMeasure","decl":{"start":{"line":401,"column":9},"end":{"line":401,"column":31}},"loc":{"start":{"line":401,"column":79},"end":{"line":406,"column":1}},"line":401},"26":{"name":"computeAdlcValue","decl":{"start":{"line":407,"column":9},"end":{"line":407,"column":25}},"loc":{"start":{"line":407,"column":67},"end":{"line":410,"column":1}},"line":407},"27":{"name":"handleSeparateTimestamp","decl":{"start":{"line":411,"column":9},"end":{"line":411,"column":32}},"loc":{"start":{"line":411,"column":84},"end":{"line":446,"column":1}},"line":411},"28":{"name":"adaptToExpectedFormat","decl":{"start":{"line":447,"column":9},"end":{"line":447,"column":30}},"loc":{"start":{"line":447,"column":69},"end":{"line":483,"column":1}},"line":447},"29":{"name":"(anonymous_29)","decl":{"start":{"line":453,"column":53},"end":{"line":453,"column":54}},"loc":{"start":{"line":457,"column":10},"end":{"line":480,"column":9}},"line":457},"30":{"name":"(anonymous_30)","decl":{"start":{"line":459,"column":46},"end":{"line":459,"column":47}},"loc":{"start":{"line":459,"column":61},"end":{"line":478,"column":17}},"line":459},"31":{"name":"computeDataAbsoluteTimestamp","decl":{"start":{"line":484,"column":9},"end":{"line":484,"column":37}},"loc":{"start":{"line":484,"column":53},"end":{"line":486,"column":1}},"line":484},"32":{"name":"normalisation_batch","decl":{"start":{"line":487,"column":9},"end":{"line":487,"column":28}},"loc":{"start":{"line":487,"column":35},"end":{"line":502,"column":1}},"line":487},"33":{"name":"(anonymous_33)","decl":{"start":{"line":509,"column":7},"end":{"line":509,"column":8}},"loc":{"start":{"line":509,"column":66},"end":{"line":519,"column":7}},"line":509},"34":{"name":"decodeUplink","decl":{"start":{"line":513,"column":9},"end":{"line":513,"column":21}},"loc":{"start":{"line":513,"column":29},"end":{"line":515,"column":1}},"line":513},"35":{"name":"(anonymous_35)","decl":{"start":{"line":522,"column":7},"end":{"line":522,"column":8}},"loc":{"start":{"line":522,"column":66},"end":{"line":570,"column":7}},"line":522},"36":{"name":"watteco_decodeUplink","decl":{"start":{"line":526,"column":9},"end":{"line":526,"column":29}},"loc":{"start":{"line":526,"column":76},"end":{"line":566,"column":1}},"line":526},"37":{"name":"(anonymous_37)","decl":{"start":{"line":573,"column":7},"end":{"line":573,"column":8}},"loc":{"start":{"line":573,"column":45},"end":{"line":1218,"column":7}},"line":573},"38":{"name":"UintToInt","decl":{"start":{"line":575,"column":9},"end":{"line":575,"column":18}},"loc":{"start":{"line":575,"column":31},"end":{"line":580,"column":1}},"line":575},"39":{"name":"Bytes2Float32","decl":{"start":{"line":581,"column":9},"end":{"line":581,"column":22}},"loc":{"start":{"line":581,"column":30},"end":{"line":592,"column":1}},"line":581},"40":{"name":"BytesToInt64","decl":{"start":{"line":593,"column":9},"end":{"line":593,"column":21}},"loc":{"start":{"line":594,"column":0},"end":{"line":614,"column":1}},"line":594},"41":{"name":"decimalToHex","decl":{"start":{"line":615,"column":9},"end":{"line":615,"column":21}},"loc":{"start":{"line":615,"column":30},"end":{"line":622,"column":1}},"line":615},"42":{"name":"parseHexString","decl":{"start":{"line":623,"column":9},"end":{"line":623,"column":23}},"loc":{"start":{"line":623,"column":29},"end":{"line":630,"column":1}},"line":623},"43":{"name":"Decoder","decl":{"start":{"line":631,"column":9},"end":{"line":631,"column":16}},"loc":{"start":{"line":631,"column":30},"end":{"line":1135,"column":1}},"line":631},"44":{"name":"normalisation_standard","decl":{"start":{"line":1136,"column":9},"end":{"line":1136,"column":31}},"loc":{"start":{"line":1136,"column":59},"end":{"line":1214,"column":1}},"line":1136},"45":{"name":"__webpack_require__","decl":{"start":{"line":1226,"column":19},"end":{"line":1226,"column":38}},"loc":{"start":{"line":1226,"column":49},"end":{"line":1244,"column":11}},"line":1226}},"branchMap":{"0":{"loc":{"start":{"line":2,"column":1},"end":{"line":9,"column":29}},"type":"if","locations":[{"start":{"line":2,"column":1},"end":{"line":9,"column":29}},{"start":{"line":4,"column":6},"end":{"line":9,"column":29}}],"line":2},"1":{"loc":{"start":{"line":2,"column":4},"end":{"line":2,"column":61}},"type":"binary-expr","locations":[{"start":{"line":2,"column":4},"end":{"line":2,"column":31}},{"start":{"line":2,"column":35},"end":{"line":2,"column":61}}],"line":2},"2":{"loc":{"start":{"line":4,"column":6},"end":{"line":9,"column":29}},"type":"if","locations":[{"start":{"line":4,"column":6},"end":{"line":9,"column":29}},{"start":{"line":6,"column":6},"end":{"line":9,"column":29}}],"line":4},"3":{"loc":{"start":{"line":4,"column":9},"end":{"line":4,"column":51}},"type":"binary-expr","locations":[{"start":{"line":4,"column":9},"end":{"line":4,"column":37}},{"start":{"line":4,"column":41},"end":{"line":4,"column":51}}],"line":4},"4":{"loc":{"start":{"line":6,"column":6},"end":{"line":9,"column":29}},"type":"if","locations":[{"start":{"line":6,"column":6},"end":{"line":9,"column":29}},{"start":{"line":9,"column":2},"end":{"line":9,"column":29}}],"line":6},"5":{"loc":{"start":{"line":102,"column":13},"end":{"line":106,"column":1}},"type":"binary-expr","locations":[{"start":{"line":102,"column":13},"end":{"line":102,"column":23}},{"start":{"line":102,"column":27},"end":{"line":106,"column":1}}],"line":102},"6":{"loc":{"start":{"line":103,"column":4},"end":{"line":103,"column":29}},"type":"if","locations":[{"start":{"line":103,"column":4},"end":{"line":103,"column":29}},{"start":{},"end":{}}],"line":103},"7":{"loc":{"start":{"line":104,"column":4},"end":{"line":104,"column":36}},"type":"if","locations":[{"start":{"line":104,"column":4},"end":{"line":104,"column":36}},{"start":{},"end":{}}],"line":104},"8":{"loc":{"start":{"line":116,"column":4},"end":{"line":118,"column":5}},"type":"if","locations":[{"start":{"line":116,"column":4},"end":{"line":118,"column":5}},{"start":{},"end":{}}],"line":116},"9":{"loc":{"start":{"line":139,"column":4},"end":{"line":145,"column":5}},"type":"if","locations":[{"start":{"line":139,"column":4},"end":{"line":145,"column":5}},{"start":{},"end":{}}],"line":139},"10":{"loc":{"start":{"line":139,"column":9},"end":{"line":139,"column":42}},"type":"binary-expr","locations":[{"start":{"line":139,"column":9},"end":{"line":139,"column":26}},{"start":{"line":139,"column":30},"end":{"line":139,"column":42}}],"line":139},"11":{"loc":{"start":{"line":141,"column":8},"end":{"line":143,"column":9}},"type":"if","locations":[{"start":{"line":141,"column":8},"end":{"line":143,"column":9}},{"start":{},"end":{}}],"line":141},"12":{"loc":{"start":{"line":165,"column":8},"end":{"line":167,"column":9}},"type":"if","locations":[{"start":{"line":165,"column":8},"end":{"line":167,"column":9}},{"start":{},"end":{}}],"line":165},"13":{"loc":{"start":{"line":171,"column":12},"end":{"line":173,"column":13}},"type":"if","locations":[{"start":{"line":171,"column":12},"end":{"line":173,"column":13}},{"start":{},"end":{}}],"line":171},"14":{"loc":{"start":{"line":184,"column":25},"end":{"line":184,"column":54}},"type":"binary-expr","locations":[{"start":{"line":184,"column":25},"end":{"line":184,"column":36}},{"start":{"line":184,"column":40},"end":{"line":184,"column":54}}],"line":184},"15":{"loc":{"start":{"line":187,"column":12},"end":{"line":189,"column":13}},"type":"if","locations":[{"start":{"line":187,"column":12},"end":{"line":189,"column":13}},{"start":{},"end":{}}],"line":187},"16":{"loc":{"start":{"line":187,"column":16},"end":{"line":187,"column":53}},"type":"binary-expr","locations":[{"start":{"line":187,"column":16},"end":{"line":187,"column":36}},{"start":{"line":187,"column":40},"end":{"line":187,"column":53}}],"line":187},"17":{"loc":{"start":{"line":193,"column":12},"end":{"line":195,"column":13}},"type":"if","locations":[{"start":{"line":193,"column":12},"end":{"line":195,"column":13}},{"start":{},"end":{}}],"line":193},"
[...]
tions":[{"start":{"line":971,"column":20},"end":{"line":971,"column":141}},{"start":{},"end":{}}],"line":971},"168":{"loc":{"start":{"line":972,"column":20},"end":{"line":972,"column":139}},"type":"if","locations":[{"start":{"line":972,"column":20},"end":{"line":972,"column":139}},{"start":{},"end":{}}],"line":972},"169":{"loc":{"start":{"line":973,"column":20},"end":{"line":973,"column":137}},"type":"if","locations":[{"start":{"line":973,"column":20},"end":{"line":973,"column":137}},{"start":{},"end":{}}],"line":973},"170":{"loc":{"start":{"line":974,"column":20},"end":{"line":974,"column":135}},"type":"if","locations":[{"start":{"line":974,"column":20},"end":{"line":974,"column":135}},{"start":{},"end":{}}],"line":974},"171":{"loc":{"start":{"line":976,"column":16},"end":{"line":993,"column":17}},"type":"if","locations":[{"start":{"line":976,"column":16},"end":{"line":993,"column":17}},{"start":{},"end":{}}],"line":976},"172":{"loc":{"start":{"line":976,"column":22},"end":{"line":976,"column":64}},"type":"binary-expr","locations":[{"start":{"line":976,"column":23},"end":{"line":976,"column":41}},{"start":{"line":976,"column":47},"end":{"line":976,"column":63}}],"line":976},"173":{"loc":{"start":{"line":994,"column":16},"end":{"line":1012,"column":17}},"type":"if","locations":[{"start":{"line":994,"column":16},"end":{"line":1012,"column":17}},{"start":{"line":1003,"column":23},"end":{"line":1012,"column":17}}],"line":994},"174":{"loc":{"start":{"line":1003,"column":23},"end":{"line":1012,"column":17}},"type":"if","locations":[{"start":{"line":1003,"column":23},"end":{"line":1012,"column":17}},{"start":{},"end":{}}],"line":1003},"175":{"loc":{"start":{"line":1013,"column":16},"end":{"line":1020,"column":17}},"type":"if","locations":[{"start":{"line":1013,"column":16},"end":{"line":1020,"column":17}},{"start":{},"end":{}}],"line":1013},"176":{"loc":{"start":{"line":1021,"column":16},"end":{"line":1031,"column":17}},"type":"if","locations":[{"start":{"line":1021,"column":16},"end":{"line":1031,"column":17}},{"start":{},"end":{}}],"line":1021},"177":{"loc":{"start":{"line":1032,"column":16},"end":{"line":1032,"column":120}},"type":"if","locations":[{"start":{"line":1032,"column":16},"end":{"line":1032,"column":120}},{"start":{},"end":{}}],"line":1032},"178":{"loc":{"start":{"line":1033,"column":16},"end":{"line":1033,"column":118}},"type":"if","locations":[{"start":{"line":1033,"column":16},"end":{"line":1033,"column":118}},{"start":{},"end":{}}],"line":1033},"179":{"loc":{"start":{"line":1034,"column":16},"end":{"line":1034,"column":128}},"type":"if","locations":[{"start":{"line":1034,"column":16},"end":{"line":1034,"column":128}},{"start":{},"end":{}}],"line":1034},"180":{"loc":{"start":{"line":1035,"column":16},"end":{"line":1035,"column":102}},"type":"if","locations":[{"start":{"line":1035,"column":16},"end":{"line":1035,"column":102}},{"start":{},"end":{}}],"line":1035},"181":{"loc":{"start":{"line":1036,"column":16},"end":{"line":1059,"column":17}},"type":"if","locations":[{"start":{"line":1036,"column":16},"end":{"line":1059,"column":17}},{"start":{},"end":{}}],"line":1036},"182":{"loc":{"start":{"line":1060,"column":16},"end":{"line":1109,"column":17}},"type":"if","locations":[{"start":{"line":1060,"column":16},"end":{"line":1109,"column":17}},{"start":{},"end":{}}],"line":1060},"183":{"loc":{"start":{"line":1062,"column":20},"end":{"line":1108,"column":21}},"type":"if","locations":[{"start":{"line":1062,"column":20},"end":{"line":1108,"column":21}},{"start":{"line":1074,"column":27},"end":{"line":1108,"column":21}}],"line":1062},"184":{"loc":{"start":{"line":1074,"column":27},"end":{"line":1108,"column":21}},"type":"if","locations":[{"start":{"line":1074,"column":27},"end":{"line":1108,"column":21}},{"start":{"line":1087,"column":27},"end":{"line":1108,"column":21}}],"line":1074},"185":{"loc":{"start":{"line":1074,"column":31},"end":{"line":1074,"column":91}},"type":"binary-expr","locations":[{"start":{"line":1074,"column":31},"end":{"line":1074,"column":47}},{"start":{"line":1074,"column":52},"end":{"line":1074,"column":68}},{"start":{"line":1074,"column":74},"end":{"line":1074,"column":90}}],"line":1074},"186":{"loc":{"start":{"line":1075,"column":31},"end":{"line":1075,"column":104}},"type":"cond-expr","locations":[{"start":{"line":1075,"column":50},"end":{"line":1075,"column":59}},{"start":{"line":1075,"column":63},"end":{"line":1075,"column":103}}],"line":1075},"187":{"loc":{"start":{"line":1075,"column":63},"end":{"line":1075,"column":103}},"type":"cond-expr","locations":[{"start":{"line":1075,"column":82},"end":{"line":1075,"column":91}},{"start":{"line":1075,"column":94},"end":{"line":1075,"column":103}}],"line":1075},"188":{"loc":{"start":{"line":1087,"column":27},"end":{"line":1108,"column":21}},"type":"if","locations":[{"start":{"line":1087,"column":27},"end":{"line":1108,"column":21}},{"start":{},"end":{}}],"line":1087},"189":{"loc":{"start":{"line":1092,"column":24},"end":{"line":1092,"column":77}},"type":"if","locations":[{"start":{"line":1092,"column":24},"end":{"line":1092,"column":77}},{"start":{},"end":{}}],"line":1092},"190":{"loc":{"start":{"line":1093,"column":47},"end":{"line":1093,"column":104}},"type":"cond-expr","locations":[{"start":{"line":1093,"column":64},"end":{"line":1093,"column":96}},{"start":{"line":1093,"column":99},"end":{"line":1093,"column":104}}],"line":1093},"191":{"loc":{"start":{"line":1104,"column":47},"end":{"line":1104,"column":81}},"type":"cond-expr","locations":[{"start":{"line":1104,"column":65},"end":{"line":1104,"column":71}},{"start":{"line":1104,"column":74},"end":{"line":1104,"column":81}}],"line":1104},"192":{"loc":{"start":{"line":1105,"column":47},"end":{"line":1105,"column":81}},"type":"cond-expr","locations":[{"start":{"line":1105,"column":65},"end":{"line":1105,"column":71}},{"start":{"line":1105,"column":74},"end":{"line":1105,"column":81}}],"line":1105},"193":{"loc":{"start":{"line":1106,"column":47},"end":{"line":1106,"column":81}},"type":"cond-expr","locations":[{"start":{"line":1106,"column":65},"end":{"line":1106,"column":71}},{"start":{"line":1106,"column":74},"end":{"line":1106,"column":81}}],"line":1106},"194":{"loc":{"start":{"line":1107,"column":47},"end":{"line":1107,"column":81}},"type":"cond-expr","locations":[{"start":{"line":1107,"column":65},"end":{"line":1107,"column":71}},{"start":{"line":1107,"column":74},"end":{"line":1107,"column":81}}],"line":1107},"195":{"loc":{"start":{"line":1111,"column":12},"end":{"line":1115,"column":13}},"type":"if","locations":[{"start":{"line":1111,"column":12},"end":{"line":1115,"column":13}},{"start":{},"end":{}}],"line":1111},"196":{"loc":{"start":{"line":1116,"column":12},"end":{"line":1126,"column":13}},"type":"if","locations":[{"start":{"line":1116,"column":12},"end":{"line":1126,"column":13}},{"start":{},"end":{}}],"line":1116},"197":{"loc":{"start":{"line":1122,"column":16},"end":{"line":1122,"column":251}},"type":"if","locations":[{"start":{"line":1122,"column":16},"end":{"line":1122,"column":251}},{"start":{"line":1122,"column":156},"end":{"line":1122,"column":251}}],"line":1122},"198":{"loc":{"start":{"line":1124,"column":16},"end":{"line":1124,"column":254}},"type":"if","locations":[{"start":{"line":1124,"column":16},"end":{"line":1124,"column":254}},{"start":{"line":1124,"column":158},"end":{"line":1124,"column":254}}],"line":1124},"199":{"loc":{"start":{"line":1141,"column":4},"end":{"line":1145,"column":5}},"type":"if","locations":[{"start":{"line":1141,"column":4},"end":{"line":1145,"column":5}},{"start":{},"end":{}}],"line":1141},"200":{"loc":{"start":{"line":1142,"column":8},"end":{"line":1144,"column":9}},"type":"if","locations":[{"start":{"line":1142,"column":8},"end":{"line":1144,"column":9}},{"start":{},"end":{}}],"line":1142},"201":{"loc":{"start":{"line":1146,"column":4},"end":{"line":1183,"column":5}},"type":"if","locations":[{"start":{"line":1146,"column":4},"end":{"line":1183,"column":5}},{"start":{"line":1155,"column":9},"end":{"line":1183,"column":5}}],"line":1146},"202":{"loc":{"start":{"line":1146,"column":8},"end":{"line":1146,"column":45}},"type":"binary-expr","locations":[{"start":{"line":1146,"column":8},"end":{"line":1146,"column":25}},{"start":{"line":1146,"column":29},"end":{"line":1146,"column":45}}],"line":1146},"203":{"loc":{"start":{"line":1155,"column":9},"end":{"line":1183,"column":5}},"type":"if","locations":[{"start":{"line":1155,"column":9},"end":{"line":1183,"column":5}},{"start":{"line":1164,"column":9},"end":{"line":1183,"column":5}}],"line":1155},"204":{"loc":{"start":{"line":1164,"column":9},"end":{"line":1183,"column":5}},"type":"if","locations":[{"start":{"line":1164,"column":9},"end":{"line":1183,"column":5}},{"start":{},"end":{}}],"line":1164},"205":{"loc":{"start":{"line":1165,"column":8},"end":{"line":1182,"column":9}},"type":"if","locations":[{"start":{"line":1165,"column":8},"end":{"line":1182,"column":9}},{"start":{"line":1174,"column":12},"end":{"line":1182,"column":9}}],"line":1165},"206":{"loc":{"start":{"line":1184,"column":4},"end":{"line":1209,"column":5}},"type":"if","locations":[{"start":{"line":1184,"column":4},"end":{"line":1209,"column":5}},{"start":{},"end":{}}],"line":1184},"207":{"loc":{"start":{"line":1185,"column":8},"end":{"line":1208,"column":9}},"type":"if","locations":[{"start":{"line":1185,"column":8},"end":{"line":1208,"column":9}},{"start":{"line":1198,"column":12},"end":{"line":1208,"column":9}}],"line":1185},"208":{"loc":{"start":{"line":1229,"column":11},"end":{"line":1231,"column":12}},"type":"if","locations":[{"start":{"line":1229,"column":11},"end":{"line":1231,"column":12}},{"start":{},"end":{}}],"line":1229}},"s":{"0":1,"1":1,"2":1,"3":0,"4":0,"5":0,"6":0,"7":0,"8":1,"9":1,"10":1,"11":1,"12":1,"13":1,"14":1,"15":1,"16":1,"17":1,"18":1,"19":1,"20":1,"21":1,"22":1,"23":1,"24":1,"25":1,"26":1,"27":1,"28":1,"29":1,"30":1,"31":1,"32":1,"33":1,"34":1,"35":1,"36":1,"37":1,"38":1,"39":1,"40":1,"41":0,"42":0,"43":0,"44":0,"45":0,"46":1,"47":1,"48":1,"49":1,"50":1,"51":1,"52":1,"53":1,"54":1,"55":0,"56":1,"57":1,"58":1,"59":1,"60":1,"61":16,"62":16,"63":1,"64":1,"65":0,"66":0,"67":0,"68":1,"69":30,"70":1,"71":1,"72":15,"73":15,"74":1,"75":16,"76":16,"77":16,"78":0,"79":16,"80":16,"81":16,"82":68,"83":54,"84":68,"85":68,"86":68,"87":16,"88":1,"89":11,"90":11,"91":11,"92":11,"93":0,"94":11,"95":11,"96":11,"97":11,"98":5,"99":11,"100":17,"101":17,"102":99,"103":99,"104":34,"105":99,"106":99,"107":99,"108":17,"109":17,"110":11,"111":0,"112":0,"113":0,"114":0,"115":11,"116":3,"117":3,"118":16,"119":16,"120":16,"121":212,"122":3,"123":3,"124":0,"125":1,"126":1,"127":2,"128":1,"129":1,"130":1,"131":1,"132":1,"133":3,"134":3,"135":3,"136":1,"137":3,"138":3,"139":3,"140":0,"141":0,"142":1,"143":3,"144":3,"145":3,"146":6,"147":3,"148":0,"149":4,"150":3,"151":3,"152":1,"153":3,"154":0,"155":3,"156":1,"157":2,"158":1,"159":3,"160":3,"161":0,"162":0,"163":0,"164":0,"165":0,"166":0,"167":0,"168":0,"169":0,"170":0,"171":0,"172":0,"173":0,"174":0,"175":0,"176":0,"177":0,"178":0,"179":0,"180":0,"181":0,"182":0,"183":0,"184":0,"185":0,"186":0,"187":0,"188":0,"189":0,"190":0,"191":0,"192":0,"193":0,"194":0,"195":0,"196":0,"197":0,"198":0,"199":0,"200":0,"201":0,"202":0,"203":0,"204":0,"205":0,"206":0,"207":0,"208":0,"209":0,"210":0,"211":0,"212":0,"213":0,"214":0,"215":0,"216":0,"217":0,"218":0,"219":0,"220":0,"221":0,"222":0,"223":0,"224":0,"225":0,"226":0,"227":0,"228":0,"229":0,"230":0,"231":0,"232":0,"233":0,"234":0,"235":0,"236":0,"237":0,"238":0,"239":0,"240":0,"241":0,"242":0,"243":0,"244":0,"245":0,"246":0,"247":0,"248":0,"249":0,"250":0,"251":0,"252":0,"253":0,"254":1,"255":1,"256":1,"257":1,"258":16,"259":3,"260":3,"261":3,"262":3,"263":3,"264":3,"265":1,"266":3,"267":1,"268":1,"269":1,"270":1,"271":1,"272":1,"273":3,"274":3,"275":3,"276":1,"277":1,"278":1,"279":1,"280":10,"281":1,"282":1,"283":1,"284":10,"285":10,"286":10,"287":10,"288":10,"289":10,"290":10,"291":1,"292":1,"293":1,"294":1,"295":0,"296":9,"297":0,"298":1,"299":2,"300":0,"301":2,"302":0,"303":2,"304":0,"305":2,"306":0,"307":0,"308":0,"309":0,"310":0,"311":0,"312":0,"313":0,"314":0,"315":0,"316":0,"317":0,"318":0,"319":0,"320":0,"321":0,"322":0,"323":0,"324":0,"325":0,"326":0,"327":0,"328":0,"329":0,"330":0,"331":0,"332":0,"333":0,"334":27,"335":27,"336":27,"337":47,"338":27,"339":0,"340":0,"341":0,"342":0,"343":0,"344":10,"345":10,"346":10,"347":10,"348":10,"349":10,"350":10,"351":10,"352":113,"353":113,"354":69,"355":113,"356":113,"357":113,"358":10,"359":10,"360":10,"361":9,"362":9,"363":9,"364":9,"365":9,"366":9,"367":9,"368":9,"369":9,"370":9,"371":9,"372":7,"373":7,"374":7,"375":7,"376":1,"377":7,"378":6,"379":7,"380":1,"381":1,"382":7,"383":2,"384":7,"385":1,"386":7,"387":1,"388":7,"389":1,"390":7,"391":0,"392":7,"393":0,"394":0,"395":0,"396":0,"397":7,"398":0,"399":7,"400":0,"401":0,"402":0,"403":0,"404":0,"405":0,"406":0,"407":0,"408":0,"409":0,"410":7,"411":0,"412":7,"413":0,"414":0,"415":0,"416":0,"417":0,"418":0,"419":0,"420":0,"421":0,"422":0,"423":0,"424":0,"425":0,"426":0,"427":0,"428":0,"429":0,"430":0,"431":0,"432":0,"433":0,"434":0,"435":0,"436":0,"437":0,"438":0,"439":0,"440":0,"441":0,"442":0,"443":0,"444":0,"445":0,"446":0,"447":0,"448":0,"449":0,"450":0,"451":0,"452":0,"453":0,"454":0,"455":0,"456":0,"457":0,"458":0,"459":0,"460":0,"461":0,"462":0,"463":0,"464":0,"465":0,"466":0,"467":0,"468":0,"469":0,"470":0,"471":0,"472":7,"473":0,"474":0,"475":0,"476":0,"477":0,"478":0,"479":0,"480":0,"481":0,"482":0,"483":0,"484":0,"485":0,"486":0,"487":0,"488":0,"489":0,"490":0,"491":0,"492":0,"493":0,"494":0,"495":0,"496":0,"497":0,"498":0,"499":0,"500":0,"501":0,"502":0,"503":0,"504":0,"505":0,"506":0,"507":0,"508":0,"509":0,"510":0,"511":0,"512":0,"513":0,"514":0,"515":0,"516":0,"517":0,"518":0,"519":0,"520":0,"521":0,"522":0,"523":0,"524":0,"525":0,"526":0,"527":0,"528":0,"529":0,"530":0,"531":0,"532":0,"533":0,"534":0,"535":0,"536":0,"537":0,"538":0,"539":0,"540":0,"541":0,"542":0,"543":0,"544":0,"545":0,"546":0,"547":0,"548":0,"549":0,"550":0,"551":0,"552":0,"553":0,"554":0,"555":0,"556":0,"557":0,"558":0,"559":0,"560":0,"561":0,"562":0,"563":0,"564":0,"565":0,"566":0,"567":0,"568":0,"569":0,"570":0,"571":0,"572":0,"573":0,"574":0,"575":0,"576":0,"577":0,"578":0,"579":0,"580":0,"581":0,"582":0,"583":0,"584":0,"585":0,"586":0,"587":0,"588":0,"589":0,"590":0,"591":0,"592":0,"593":0,"594":0,"595":0,"596":0,"597":0,"598":0,"599":0,"600":0,"601":0,"602":0,"603":0,"604":0,"605":0,"606":0,"607":0,"608":0,"609":0,"610":0,"611":0,"612":0,"613":0,"614":0,"615":0,"616":0,"617":0,"618":0,"619":0,"620":0,"621":0,"622":0,"623":0,"624":0,"625":0,"626":0,"627":0,"628":0,"629":0,"630":0,"631":0,"632":0,"633":0,"634":0,"635":0,"636":0,"637":0,"638":0,"639":0,"640":0,"641":0,"642":0,"643":0,"644":0,"645":0,"646":0,"647":0,"648":0,"649":0,"650":0,"651":0,"652":0,"653":0,"654":0,"655":0,"656":0,"657":0,"658":0,"659":0,"660":0,"661":0,"662":0,"663":0,"664":0,"665":0,"666":0,"667":0,"668":0,"669":0,"670":7,"671":0,"672":0,"673":0,"674":0,"675":0,"676":7,"677":0,"678":0,"679":0,"680":0,"681":7,"682":0,"683":7,"684":0,"685":0,"686":7,"687":1,"688":1,"689":0,"690":0,"691":1,"692":0,"693":0,"694":1,"695":1,"696":1,"697":1,"698":0,"699":0,"700":1,"701":0,"702":0,"703":7,"704":0,"705":0,"706":0,"707":0,"708":0,"709":0,"710":0,"711":0,"712":0,"713":0,"714":0,"715":0,"716":0,"717":0,"718":0,"719":0,"720":7,"721":0,"722":0,"723":0,"724":0,"725":0,"726":0,"727":0,"728":0,"729":7,"730":0,"731":0,"732":0,"733":0,"734":0,"735":0,"736":0,"737":0,"738":7,"739":0,"740":0,"741":0,"742":0,"743":0,"744":0,"745":7,"746":0,"747":0,"748":0,"749":0,"750":0,"751":0,"752":0,"753":0,"754":0,"755":7,"756":0,"757":7,"758":0,"759":7,"760":0,"761":7,"762":0,"763":7,"764":0,"765":0,"766":0,"767":0,"768":0,"769":0,"770":0,"771":0,"772":0,"773":0,"774":0,"775":0,"776":0,"777":0,"778":0,"779":0,"780":0,"781":0,"782":0,"783":0,"784":0,"785":0,"786":7,"787":0,"788":0,"789":0,"790":0,"791":0,"792":0,"793":0,"794":0,"795":0,"796":0,"797":0,"798":0,"799":0,"800":0,"801":0,"802":0,"803":0,"804":0,"805":0,"806":0,"807":0,"808":0,"809":0,"810":0,"811":0,"812":0,"813":0,"814":0,"815":0,"816":0,"817":0,"818":0,"819":0,"820":0,"821":0,"822":0,"823":0,"824":0,"825":0,"826":0,"827":0,"828":0,"829":0,"830":0,"831":0,"832":0,"833":0,"834":0,"835":0,"836":0,"837":0,"838":0,"839":0,"840":0,"841":0,"842":0,"843":0,"844":0,"845":0,"846":0,"847":0,"848":0,"849":0,"850":0,"851":0,"852":0,"853":0,"854":0,"855":0,"856":0,"857":0,"858":0,"859":0,"860":0,"861":0,"862":0,"863":0,"864":0,"865":0,"866":9,"867":1,"868":1,"869":1,"870":1,"871":9,"872":1,"873":1,"874":1,"875":1,"876":1,"877":1,"878":1,"879":0,"880":0,"881":1,"882":1,"883":1,"884":1,"885":0,"886":0,"887":1,"888":1,"889":1,"890":1,"891":1,"892":10,"893":10,"894":10,"895":10,"896":10,"897":10,"898":9,"899":1,"900":10,"901":1,"902":9,"903":1,"904":8,"905":1,"906":1,"907":0,"908":7,"909":6,"910":0,"911":0,"912":0,"913":0,"914":6,"915":6,"916":1,"917":1,"918":1,"919":7,"920":7,"921":3,"922":4,"923":4,"924":4,"925":1,"926":1,"927":1,"928":1,"929":1},"f":{"0":1,"1":1,"2":1,"3":1,"4":0,"5":1,"6":1,"7":1,"8":30,"9":1,"10":16,"11":11,"12":3,"13":1,"14":1,"15":3,"16":3,"17":4,"18":3,"19":1,"20":3,"21":0,"22":0,"23":0,"24":0,"25":0,"26":0,"27":0,"28":1,"29":16,"30":3,"31":3,"32":1,"33":1,"34":10,"35":1,"36":10,"37":1,"38":2,"39":0,"40":0,"41":27,"42":0,"43":10,"44":10,"45":7},"b":{"0":[1,0],"1":[1,1],"2":[0,0],"3":[0,0],"4":[0,0],"5":[1,0],"6":[0,0],"7":[0,0],"8":[0,1],"9":[0,1],"10":[1,1],"11":[0,0],"12":[0,16],"13":[54,14],"14":[11,5],"15":[0,11],"16":[11,0],"17":[5,6],"18":[11,5],"19":[34,65],"20":[0,11],"21":[11,11,11,10,1],"22":[3,209],"23":[212,25],"24":[1,2],"25":[0,3],"26":[3,3],"27":[3,1],"28":[0,3],"29":[1,2],"30":[0,3],"31":[0,0],"32":[0,0],"33":[0,0],"34":[0,0],"35":[0,0],"36":[0,0],"37":[0,0],"38":[0,0],"39":[0,0],"40":[0,0],"41":[0,0],"42":[0,0],"43":[0,0],"44":[0,0],"45":[0,0],"46":[0,0],"47":[0,0],"48":[0,0],"49":[0,0],"50":[0,0],"51":[1,0],"52":[3,0],"53":[3,0],"54":[3,0],"55":[1,9],"56":[0,2],"57":[2,2],"58":[0,2],"59":[2,0],"60":[0,2],"61":[2,0],"62":[0,0],"63":[0,0],"64":[0,0],"65":[0,0],"66":[0,0],"67":[0,0],"68":[0,0],"69":[0,0],"70":[0,0,0],"71":[0,27],"72":[27,27],"73":[69,44],"74":[10,0],"75":[9,1],"76":[7,2],"77":[1,6],"78":[6,1],"79":[1,6],"80":[2,5],"81":[1,6],"82":[1,6],"83":[1,6],"84":[0,7],"85":[0,7],"86":[0,0],"87":[0,7],"88":[0,7],"89":[0,7],"90":[0,7],"91":[0,0],"92":[0,0],"93":[0,0],"94":[0,0],"95":[0,0],"96":[0,0],"97":[0,0],"98":[0,0],"99":[0,0],"100":[0,0],"101":[0,0],"102":[0,0],"103":[0,0],"104":[0,0],"105":[0,0],"106":[0,0],"107":[0,0],"108":[0,0],"109":[0,0],"110":[0,0],"111":[0,0],"112":[0,0],"113":[0,0],"114":[0,0],"115":[0,0],"116":[0,0],"117":[0,7],"118":[0,0],"119":[0,0],"120":[0,0],"121":[0,0],"122":[0,0],"123":[0,0],"124":[0,0],"125":[0,0],"126":[0,0],"127":[0,0],"128":[0,0],"129":[0,0],"130":[0,0],"131":[0,0],"132":[0,0],"133":[0,0],"134":[0,0],"135":[0,0],"136":[0,0],"137":[0,0],"138":[0,0],"139":[0,0],"140":[0,0],"141":[0,0],"142":[0,0],"143":[0,0],"144":[0,0],"145":[0,0],"146":[0,0],"147":[0,0],"148":[0,0],"149":[0,0],"150":[0,0],"151":[0,0],"152":[0,0],"153":[0,0],"154":[0,0],"155":[0,0],"156":[0,0],"157":[0,0],"158":[0,7],"159":[0,7],"160":[0,0],"161":[0,0],"162":[0,7],"163":[0,7],"164":[1,6],"165":[7,1],"166":[0,1],"167":[0,1],"168":[1,0],"169":[0,1],"170":[0,1],"171":[0,7],"172":[7,0],"173":[0,7],"174":[0,7],"175":[0,7],"176":[0,7],"177":[0,7],"178":[0,7],"179":[0,7],"180":[0,7],"181":[0,7],"182":[0,7],"183":[0,0],"184":[0,0],"185":[0,0,0],"186":[0,0],"187":[0,0],"188":[0,0],"189":[0,0],"190":[0,0],"191":[0,0],"192":[0,0],"193":[0,0],"194":[0,0],"195":[1,8],"196":[1,8],"197":[0,1],"198":[0,1],"199":[9,1],"200":[1,8],"201":[1,9],"202":[10,1],"203":[1,8],"204":[1,7],"205":[1,0],"206":[6,1],"207":[0,6],"208":[3,4]},"_coverageSchema":"1a1c01bbd47fc00a2c39e90264f33305004495a9","hash":"8b8c7024c4b4afc71911f97ec7f595601c7a02c0"}
}
