TN:
SF:index.js
FN:1,webpackUniversalModuleDefinition
FN:10,(anonymous_1)
FN:11,(anonymous_2)
FN:15,(anonymous_3)
FN:102,(anonymous_4)
FN:107,brUncompress
FN:122,initResult
FN:138,parseHexString
FN:149,(anonymous_8)
FN:161,createBuffer
FN:162,bitsBuf2HuffPattern
FN:183,(anonymous_11)
FN:218,(anonymous_12)
FN:235,generateFlag
FN:247,prePopulateOutput
FN:274,computeSeries
FN:290,findi1FromArgList
FN:296,extractTimestampFromBuffer
FN:303,computeTimestampFromBi
FN:308,computeTimestampFromPositiveBi
FN:311,getMeasure
FN:315,bytes2Float32
FN:327,uncompressSamplesData
FN:331,handleCommonTimestamp
FN:374,initTimestampCommonTable
FN:401,completeCurrentMeasure
FN:407,computeAdlcValue
FN:411,handleSeparateTimestamp
FN:447,adaptToExpectedFormat
FN:453,(anonymous_29)
FN:459,(anonymous_30)
FN:484,computeDataAbsoluteTimestamp
FN:487,normalisation_batch
FN:509,(anonymous_33)
FN:513,decodeUplink
FN:522,(anonymous_35)
FN:526,watteco_decodeUplink
FN:573,(anonymous_37)
FN:575,UintToInt
FN:581,Bytes2Float32
FN:593,BytesToInt64
FN:615,decimalToHex
FN:623,parseHexString
FN:631,Decoder
FN:1136,normalisation_standard
FN:1226,__webpack_require__
FNF:46
FNH:35
FNDA:1,webpackUniversalModuleDefinition
FNDA:1,(anonymous_1)
FNDA:1,(anonymous_2)
FNDA:1,(anonymous_3)
FNDA:0,(anonymous_4)
FNDA:1,brUncompress
FNDA:1,initResult
FNDA:1,parseHexString
FNDA:30,(anonymous_8)
FNDA:1,createBuffer
FNDA:16,bitsBuf2HuffPattern
FNDA:11,(anonymous_11)
FNDA:3,(anonymous_12)
FNDA:1,generateFlag
FNDA:1,prePopulateOutput
FNDA:3,computeSeries
FNDA:3,findi1FromArgList
FNDA:4,extractTimestampFromBuffer
FNDA:3,computeTimestampFromBi
FNDA:1,computeTimestampFromPositiveBi
FNDA:3,getMeasure
FNDA:0,bytes2Float32
FNDA:0,uncompressSamplesData
FNDA:0,handleCommonTimestamp
FNDA:0,initTimestampCommonTable
FNDA:0,completeCurrentMeasure
FNDA:0,computeAdlcValue
FNDA:0,handleSeparateTimestamp
FNDA:1,adaptToExpectedFormat
FNDA:16,(anonymous_29)
FNDA:3,(anonymous_30)
FNDA:3,computeDataAbsoluteTimestamp
FNDA:1,normalisation_batch
FNDA:1,(anonymous_33)
FNDA:10,decodeUplink
FNDA:1,(anonymous_35)
FNDA:10,watteco_decodeUplink
FNDA:1,(anonymous_37)
FNDA:2,UintToInt
FNDA:0,Bytes2Float32
FNDA:0,BytesToInt64
FNDA:27,decimalToHex
FNDA:0,parseHexString
FNDA:10,Decoder
FNDA:10,normalisation_standard
FNDA:7,__webpack_require__
DA:1,1
DA:2,1
DA:3,1
DA:4,0
DA:5,0
DA:6,0
DA:7,0
DA:9,0
DA:11,1
DA:12,1
DA:17,1
DA:18,1
DA:19,1
DA:20,1
DA:21,1
DA:22,1
DA:23,1
DA:24,1
DA:25,1
DA:26,1
DA:27,1
DA:28,1
DA:29,1
DA:30,1
DA:31,1
DA:32,1
DA:33,1
DA:34,1
DA:35,1
DA:36,1
DA:37,1
DA:38,1
DA:39,1
DA:40,1
DA:41,1
DA:42,1
DA:43,1
DA:44,1
DA:45,1
DA:46,1
DA:102,1
DA:103,0
DA:104,0
DA:105,0
DA:108,1
DA:109,1
DA:110,1
DA:111,1
DA:112,1
DA:113,1
DA:114,1
DA:115,1
DA:116,1
DA:117,0
DA:119,1
DA:120,1
DA:123,1
DA:124,1
DA:125,1
DA:126,16
DA:131,16
DA:133,1
DA:139,1
DA:141,0
DA:142,0
DA:144,0
DA:146,1
DA:150,30
DA:153,1
DA:154,1
DA:155,15
DA:156,15
DA:158,1
DA:163,16
DA:164,16
DA:165,16
DA:166,0
DA:168,16
DA:169,16
DA:170,16
DA:171,68
DA:172,54
DA:174,68
DA:175,68
DA:176,68
DA:178,16
DA:180,1
DA:184,11
DA:185,11
DA:186,11
DA:187,11
DA:188,0
DA:190,11
DA:191,11
DA:192,11
DA:193,11
DA:194,5
DA:196,11
DA:197,17
DA:198,17
DA:199,99
DA:200,99
DA:201,34
DA:203,99
DA:204,99
DA:205,99
DA:207,17
DA:208,17
DA:210,11
DA:211,0
DA:212,0
DA:213,0
DA:216,11
DA:219,3
DA:220,16
DA:221,16
DA:222,212
DA:226,3
DA:227,3
DA:231,0
DA:236,1
DA:237,1
DA:238,2
DA:240,1
DA:248,1
DA:249,1
DA:250,1
DA:251,3
DA:255,3
DA:256,3
DA:257,3
DA:258,3
DA:264,3
DA:265,0
DA:266,0
DA:269,1
DA:275,3
DA:291,3
DA:292,6
DA:294,0
DA:297,4
DA:298,3
DA:299,3
DA:301,1
DA:304,3
DA:305,3
DA:306,2
DA:309,1
DA:312,3
DA:313,3
DA:316,0
DA:317,0
DA:318,0
DA:319,0
DA:320,0
DA:321,0
DA:322,0
DA:323,0
DA:324,0
DA:325,0
DA:328,0
DA:329,0
DA:332,0
DA:333,0
DA:334,0
DA:335,0
DA:336,0
DA:337,0
DA:338,0
DA:339,0
DA:340,0
DA:341,0
DA:342,0
DA:343,0
DA:344,0
DA:345,0
DA:349,0
DA:351,0
DA:354,0
DA:356,0
DA:357,0
DA:358,0
DA:359,0
DA:363,0
DA:367,0
DA:368,0
DA:372,0
DA:375,0
DA:376,0
DA:377,0
DA:378,0
DA:379,0
DA:380,0
DA:381,0
DA:383,0
DA:384,0
DA:385,0
DA:391,0
DA:393,0
DA:394,0
DA:396,0
DA:402,0
DA:403,0
DA:404,0
DA:405,0
DA:408,0
DA:409,0
DA:412,0
DA:413,0
DA:414,0
DA:415,0
DA:416,0
DA:417,0
DA:418,0
DA:419,0
DA:421,0
DA:424,0
DA:428,0
DA:429,0
DA:430,0
DA:432,0
DA:433,0
DA:435,0
DA:438,0
DA:439,0
DA:440,0
DA:441,0
DA:445,0
DA:448,1
DA:452,1
DA:453,1
DA:458,16
DA:460,3
DA:469,3
DA:470,3
DA:471,3
DA:477,3
DA:482,1
DA:485,3
DA:488,1
DA:489,1
DA:490,1
DA:491,1
DA:492,1
DA:493,3
DA:494,3
DA:499,3
DA:501,1
DA:504,1
DA:511,1
DA:512,1
DA:514,10
DA:516,1
DA:524,1
DA:525,1
DA:527,10
DA:528,10
DA:529,10
DA:531,10
DA:532,10
DA:533,10
DA:535,10
DA:536,1
DA:542,1
DA:543,1
DA:544,1
DA:549,0
DA:555,9
DA:561,0
DA:568,1
DA:576,2
DA:577,2
DA:578,2
DA:579,2
DA:582,0
DA:583,0
DA:584,0
DA:585,0
DA:586,0
DA:587,0
DA:588,0
DA:589,0
DA:590,0
DA:591,0
DA:595,0
DA:596,0
DA:597,0
DA:599,0
DA:600,0
DA:602,0
DA:603,0
DA:605,0
DA:606,0
DA:607,0
DA:609,0
DA:611,0
DA:612,0
DA:613,0
DA:616,27
DA:617,27
DA:618,27
DA:619,47
DA:621,27
DA:624,0
DA:625,0
DA:626,0
DA:627,0
DA:629,0
DA:632,10
DA:633,10
DA:634,10
DA:635,10
DA:636,10
DA:637,10
DA:638,10
DA:640,113
DA:641,113
DA:642,113
DA:643,113
DA:644,113
DA:646,10
DA:648,10
DA:649,10
DA:650,9
DA:651,9
DA:652,9
DA:653,9
DA:654,9
DA:655,9
DA:656,9
DA:657,9
DA:658,9
DA:659,7
DA:660,7
DA:661,7
DA:662,7
DA:663,7
DA:664,7
DA:665,7
DA:666,7
DA:667,7
DA:668,7
DA:669,7
DA:670,7
DA:671,7
DA:673,0
DA:674,0
DA:675,0
DA:676,0
DA:677,0
DA:678,0
DA:679,0
DA:680,0
DA:681,0
DA:682,0
DA:684,7
DA:685,7
DA:687,0
DA:688,0
DA:689,0
DA:690,0
DA:691,0
DA:693,0
DA:694,0
DA:695,0
DA:696,0
DA:697,0
DA:698,0
DA:700,0
DA:701,0
DA:702,0
DA:703,0
DA:704,0
DA:705,0
DA:706,0
DA:707,0
DA:708,0
DA:709,0
DA:710,0
DA:711,0
DA:713,0
DA:714,0
DA:715,0
DA:716,0
DA:717,0
DA:718,0
DA:719,0
DA:720,0
DA:721,0
DA:722,0
DA:723,0
DA:728,7
DA:730,0
DA:731,0
DA:732,0
DA:733,0
DA:734,0
DA:735,0
DA:736,0
DA:737,0
DA:738,0
DA:739,0
DA:740,0
DA:741,0
DA:742,0
DA:743,0
DA:744,0
DA:745,0
DA:746,0
DA:747,0
DA:749,0
DA:750,0
DA:751,0
DA:752,0
DA:753,0
DA:754,0
DA:755,0
DA:757,0
DA:758,0
DA:759,0
DA:761,0
DA:762,0
DA:763,0
DA:765,0
DA:767,0
DA:769,0
DA:770,0
DA:771,0
DA:772,0
DA:773,0
DA:774,0
DA:775,0
DA:777,0
DA:778,0
DA:779,0
DA:781,0
DA:782,0
DA:783,0
DA:785,0
DA:787,0
DA:789,0
DA:790,0
DA:791,0
DA:792,0
DA:793,0
DA:794,0
DA:795,0
DA:797,0
DA:798,0
DA:799,0
DA:801,0
DA:802,0
DA:803,0
DA:805,0
DA:807,0
DA:809,0
DA:810,0
DA:811,0
DA:812,0
DA:813,0
DA:814,0
DA:815,0
DA:817,0
DA:818,0
DA:819,0
DA:821,0
DA:822,0
DA:823,0
DA:825,0
DA:827,0
DA:829,0
DA:830,0
DA:831,0
DA:832,0
DA:833,0
DA:834,0
DA:835,0
DA:837,0
DA:838,0
DA:839,0
DA:841,0
DA:842,0
DA:843,0
DA:845,0
DA:847,0
DA:849,0
DA:850,0
DA:851,0
DA:852,0
DA:853,0
DA:854,0
DA:855,0
DA:857,0
DA:858,0
DA:859,0
DA:861,0
DA:862,0
DA:863,0
DA:865,0
DA:867,0
DA:869,0
DA:870,0
DA:871,0
DA:872,0
DA:873,0
DA:874,0
DA:875,0
DA:877,0
DA:878,0
DA:879,0
DA:881,0
DA:882,0
DA:883,0
DA:885,0
DA:887,0
DA:889,0
DA:890,0
DA:891,0
DA:892,0
DA:893,0
DA:894,0
DA:895,0
DA:897,0
DA:898,0
DA:899,0
DA:901,0
DA:902,0
DA:903,0
DA:905,0
DA:907,0
DA:909,0
DA:910,0
DA:911,0
DA:912,0
DA:913,0
DA:914,0
DA:915,0
DA:917,0
DA:918,0
DA:919,0
DA:921,0
DA:922,0
DA:923,0
DA:925,0
DA:927,0
DA:929,0
DA:930,0
DA:931,0
DA:932,0
DA:933,0
DA:934,0
DA:935,0
DA:937,0
DA:938,0
DA:939,0
DA:941,0
DA:942,0
DA:943,0
DA:945,0
DA:948,7
DA:949,0
DA:950,0
DA:951,0
DA:952,0
DA:953,0
DA:955,7
DA:956,0
DA:957,0
DA:958,0
DA:959,0
DA:961,7
DA:962,0
DA:964,7
DA:965,0
DA:966,0
DA:968,7
DA:969,1
DA:970,1
DA:971,1
DA:972,1
DA:973,1
DA:974,1
DA:976,7
DA:977,0
DA:978,0
DA:979,0
DA:980,0
DA:981,0
DA:982,0
DA:983,0
DA:984,0
DA:985,0
DA:986,0
DA:987,0
DA:988,0
DA:989,0
DA:990,0
DA:991,0
DA:992,0
DA:994,7
DA:995,0
DA:996,0
DA:997,0
DA:998,0
DA:999,0
DA:1000,0
DA:1001,0
DA:1002,0
DA:1003,7
DA:1004,0
DA:1005,0
DA:1006,0
DA:1007,0
DA:1008,0
DA:1009,0
DA:1010,0
DA:1011,0
DA:1013,7
DA:1014,0
DA:1015,0
DA:1016,0
DA:1017,0
DA:1018,0
DA:1019,0
DA:1021,7
DA:1022,0
DA:1023,0
DA:1024,0
DA:1025,0
DA:1026,0
DA:1027,0
DA:1028,0
DA:1029,0
DA:1030,0
DA:1032,7
DA:1033,7
DA:1034,7
DA:1035,7
DA:1036,7
DA:1037,0
DA:1038,0
DA:1039,0
DA:1040,0
DA:1041,0
DA:1042,0
DA:1043,0
DA:1044,0
DA:1045,0
DA:1046,0
DA:1047,0
DA:1048,0
DA:1049,0
DA:1050,0
DA:1051,0
DA:1052,0
DA:1053,0
DA:1054,0
DA:1055,0
DA:1056,0
DA:1057,0
DA:1058,0
DA:1060,7
DA:1061,0
DA:1062,0
DA:1063,0
DA:1064,0
DA:1065,0
DA:1066,0
DA:1067,0
DA:1068,0
DA:1069,0
DA:1070,0
DA:1071,0
DA:1072,0
DA:1073,0
DA:1074,0
DA:1075,0
DA:1076,0
DA:1077,0
DA:1078,0
DA:1079,0
DA:1080,0
DA:1081,0
DA:1082,0
DA:1083,0
DA:1084,0
DA:1085,0
DA:1086,0
DA:1087,0
DA:1088,0
DA:1089,0
DA:1090,0
DA:1091,0
DA:1092,0
DA:1093,0
DA:1094,0
DA:1095,0
DA:1096,0
DA:1097,0
DA:1098,0
DA:1099,0
DA:1100,0
DA:1101,0
DA:1102,0
DA:1103,0
DA:1104,0
DA:1105,0
DA:1106,0
DA:1107,0
DA:1111,9
DA:1112,1
DA:1113,1
DA:1114,1
DA:1116,9
DA:1117,1
DA:1118,1
DA:1119,1
DA:1120,1
DA:1121,1
DA:1122,1
DA:1123,1
DA:1124,1
DA:1125,1
DA:1130,1
DA:1131,1
DA:1134,10
DA:1137,10
DA:1138,10
DA:1139,10
DA:1140,10
DA:1141,10
DA:1142,9
DA:1143,1
DA:1146,10
DA:1147,1
DA:1155,9
DA:1156,1
DA:1164,8
DA:1165,1
DA:1166,1
DA:1175,0
DA:1184,7
DA:1185,6
DA:1186,0
DA:1187,0
DA:1188,0
DA:1189,0
DA:1199,6
DA:1200,6
DA:1210,1
DA:1216,1
DA:1223,1
DA:1228,7
DA:1229,7
DA:1230,3
DA:1233,4
DA:1240,4
DA:1243,4
DA:1251,1
DA:1252,1
DA:1253,1
DA:1254,1
DA:1256,1
LF:763
LH:289
BRDA:2,0,0,1
BRDA:2,0,1,0
BRDA:2,1,0,1
BRDA:2,1,1,1
BRDA:4,2,0,0
BRDA:4,2,1,0
BRDA:4,3,0,0
BRDA:4,3,1,0
BRDA:6,4,0,0
BRDA:6,4,1,0
BRDA:102,5,0,1
BRDA:102,5,1,0
BRDA:103,6,0,0
BRDA:103,6,1,0
BRDA:104,7,0,0
BRDA:104,7,1,0
BRDA:116,8,0,0
BRDA:116,8,1,1
BRDA:139,9,0,0
BRDA:139,9,1,1
BRDA:139,10,0,1
BRDA:139,10,1,1
BRDA:141,11,0,0
BRDA:141,11,1,0
BRDA:165,12,0,0
BRDA:165,12,1,16
BRDA:171,13,0,54
BRDA:171,13,1,14
BRDA:184,14,0,11
BRDA:184,14,1,5
BRDA:187,15,0,0
BRDA:187,15,1,11
BRDA:187,16,0,11
BRDA:187,16,1,0
BRDA:193,17,0,5
BRDA:193,17,1,6
BRDA:193,18,0,11
BRDA:193,18,1,5
BRDA:200,19,0,34
BRDA:200,19,1,65
BRDA:210,20,0,0
BRDA:210,20,1,11
BRDA:210,21,0,11
BRDA:210,21,1,11
BRDA:210,21,2,11
BRDA:210,21,3,10
BRDA:210,21,4,1
BRDA:222,22,0,3
BRDA:222,22,1,209
BRDA:223,23,0,212
BRDA:223,23,1,25
BRDA:256,24,0,1
BRDA:256,24,1,2
BRDA:264,25,0,0
BRDA:264,25,1,3
BRDA:292,26,0,3
BRDA:292,26,1,3
BRDA:297,27,0,3
BRDA:297,27,1,1
BRDA:304,28,0,0
BRDA:304,28,1,3
BRDA:305,29,0,1
BRDA:305,29,1,2
BRDA:313,30,0,0
BRDA:313,30,1,3
BRDA:316,31,0,0
BRDA:316,31,1,0
BRDA:319,32,0,0
BRDA:319,32,1,0
BRDA:319,33,0,0
BRDA:319,33,1,0
BRDA:320,34,0,0
BRDA:320,34,1,0
BRDA:321,35,0,0
BRDA:321,35,1,0
BRDA:328,36,0,0
BRDA:328,36,1,0
BRDA:343,37,0,0
BRDA:343,37,1,0
BRDA:349,38,0,0
BRDA:349,38,1,0
BRDA:354,39,0,0
BRDA:354,39,1,0
BRDA:356,40,0,0
BRDA:356,40,1,0
BRDA:380,41,0,0
BRDA:380,41,1,0
BRDA:381,42,0,0
BRDA:381,42,1,0
BRDA:383,43,0,0
BRDA:383,43,1,0
BRDA:403,44,0,0
BRDA:403,44,1,0
BRDA:404,45,0,0
BRDA:404,45,1,0
BRDA:408,46,0,0
BRDA:408,46,1,0
BRDA:417,47,0,0
BRDA:417,47,1,0
BRDA:430,48,0,0
BRDA:430,48,1,0
BRDA:433,49,0,0
BRDA:433,49,1,0
BRDA:438,50,0,0
BRDA:438,50,1,0
BRDA:452,51,0,1
BRDA:452,51,1,0
BRDA:463,52,0,3
BRDA:463,52,1,0
BRDA:469,53,0,3
BRDA:469,53,1,0
BRDA:470,54,0,3
BRDA:470,54,1,0
BRDA:535,55,0,1
BRDA:535,55,1,9
BRDA:576,56,0,0
BRDA:576,56,1,2
BRDA:576,57,0,2
BRDA:576,57,1,2
BRDA:577,58,0,0
BRDA:577,58,1,2
BRDA:577,59,0,2
BRDA:577,59,1,0
BRDA:578,60,0,0
BRDA:578,60,1,2
BRDA:578,61,0,2
BRDA:578,61,1,0
BRDA:582,62,0,0
BRDA:582,62,1,0
BRDA:585,63,0,0
BRDA:585,63,1,0
BRDA:585,64,0,0
BRDA:585,64,1,0
BRDA:586,65,0,0
BRDA:586,65,1,0
BRDA:587,66,0,0
BRDA:587,66,1,0
BRDA:595,67,0,0
BRDA:595,67,1,0
BRDA:600,68,0,0
BRDA:600,68,1,0
BRDA:611,69,0,0
BRDA:611,69,1,0
BRDA:611,70,0,0
BRDA:611,70,1,0
BRDA:611,70,2,0
BRDA:617,71,0,0
BRDA:617,71,1,27
BRDA:617,72,0,27
BRDA:617,72,1,27
BRDA:641,73,0,69
BRDA:641,73,1,44
BRDA:646,74,0,10
BRDA:646,74,1,0
BRDA:649,75,0,9
BRDA:649,75,1,1
BRDA:658,76,0,7
BRDA:658,76,1,2
BRDA:661,77,0,1
BRDA:661,77,1,6
BRDA:662,78,0,6
BRDA:662,78,1,1
BRDA:663,79,0,1
BRDA:663,79,1,6
BRDA:664,80,0,2
BRDA:664,80,1,5
BRDA:665,81,0,1
BRDA:665,81,1,6
BRDA:666,82,0,1
BRDA:666,82,1,6
BRDA:667,83,0,1
BRDA:667,83,1,6
BRDA:668,84,0,0
BRDA:668,84,1,7
BRDA:669,85,0,0
BRDA:669,85,1,7
BRDA:669,86,0,0
BRDA:669,86,1,0
BRDA:670,87,0,0
BRDA:670,87,1,7
BRDA:671,88,0,0
BRDA:671,88,1,7
BRDA:684,89,0,0
BRDA:684,89,1,7
BRDA:685,90,0,0
BRDA:685,90,1,7
BRDA:694,91,0,0
BRDA:694,91,1,0
BRDA:696,92,0,0
BRDA:696,92,1,0
BRDA:697,93,0,0
BRDA:697,93,1,0
BRDA:698,94,0,0
BRDA:698,94,1,0
BRDA:701,95,0,0
BRDA:701,95,1,0
BRDA:702,96,0,0
BRDA:702,96,1,0
BRDA:703,97,0,0
BRDA:703,97,1,0
BRDA:704,98,0,0
BRDA:704,98,1,0
BRDA:705,99,0,0
BRDA:705,99,1,0
BRDA:706,100,0,0
BRDA:706,100,1,0
BRDA:707,101,0,0
BRDA:707,101,1,0
BRDA:708,102,0,0
BRDA:708,102,1,0
BRDA:709,103,0,0
BRDA:709,103,1,0
BRDA:710,104,0,0
BRDA:710,104,1,0
BRDA:711,105,0,0
BRDA:711,105,1,0
BRDA:713,106,0,0
BRDA:713,106,1,0
BRDA:714,107,0,0
BRDA:714,107,1,0
BRDA:715,108,0,0
BRDA:715,108,1,0
BRDA:716,109,0,0
BRDA:716,109,1,0
BRDA:717,110,0,0
BRDA:717,110,1,0
BRDA:718,111,0,0
BRDA:718,111,1,0
BRDA:719,112,0,0
BRDA:719,112,1,0
BRDA:720,113,0,0
BRDA:720,113,1,0
BRDA:721,114,0,0
BRDA:721,114,1,0
BRDA:722,115,0,0
BRDA:722,115,1,0
BRDA:723,116,0,0
BRDA:723,116,1,0
BRDA:728,117,0,0
BRDA:728,117,1,7
BRDA:747,118,0,0
BRDA:747,118,1,0
BRDA:749,119,0,0
BRDA:749,119,1,0
BRDA:758,120,0,0
BRDA:758,120,1,0
BRDA:762,121,0,0
BRDA:762,121,1,0
BRDA:767,122,0,0
BRDA:767,122,1,0
BRDA:769,123,0,0
BRDA:769,123,1,0
BRDA:778,124,0,0
BRDA:778,124,1,0
BRDA:782,125,0,0
BRDA:782,125,1,0
BRDA:787,126,0,0
BRDA:787,126,1,0
BRDA:789,127,0,0
BRDA:789,127,1,0
BRDA:798,128,0,0
BRDA:798,128,1,0
BRDA:802,129,0,0
BRDA:802,129,1,0
BRDA:807,130,0,0
BRDA:807,130,1,0
BRDA:809,131,0,0
BRDA:809,131,1,0
BRDA:818,132,0,0
BRDA:818,132,1,0
BRDA:822,133,0,0
BRDA:822,133,1,0
BRDA:827,134,0,0
BRDA:827,134,1,0
BRDA:829,135,0,0
BRDA:829,135,1,0
BRDA:838,136,0,0
BRDA:838,136,1,0
BRDA:842,137,0,0
BRDA:842,137,1,0
BRDA:847,138,0,0
BRDA:847,138,1,0
BRDA:849,139,0,0
BRDA:849,139,1,0
BRDA:858,140,0,0
BRDA:858,140,1,0
BRDA:862,141,0,0
BRDA:862,141,1,0
BRDA:867,142,0,0
BRDA:867,142,1,0
BRDA:869,143,0,0
BRDA:869,143,1,0
BRDA:878,144,0,0
BRDA:878,144,1,0
BRDA:882,145,0,0
BRDA:882,145,1,0
BRDA:887,146,0,0
BRDA:887,146,1,0
BRDA:889,147,0,0
BRDA:889,147,1,0
BRDA:898,148,0,0
BRDA:898,148,1,0
BRDA:902,149,0,0
BRDA:902,149,1,0
BRDA:907,150,0,0
BRDA:907,150,1,0
BRDA:909,151,0,0
BRDA:909,151,1,0
BRDA:918,152,0,0
BRDA:918,152,1,0
BRDA:922,153,0,0
BRDA:922,153,1,0
BRDA:927,154,0,0
BRDA:927,154,1,0
BRDA:929,155,0,0
BRDA:929,155,1,0
BRDA:938,156,0,0
BRDA:938,156,1,0
BRDA:942,157,0,0
BRDA:942,157,1,0
BRDA:948,158,0,0
BRDA:948,158,1,7
BRDA:955,159,0,0
BRDA:955,159,1,7
BRDA:956,160,0,0
BRDA:956,160,1,0
BRDA:958,161,0,0
BRDA:958,161,1,0
BRDA:961,162,0,0
BRDA:961,162,1,7
BRDA:964,163,0,0
BRDA:964,163,1,7
BRDA:968,164,0,1
BRDA:968,164,1,6
BRDA:968,165,0,7
BRDA:968,165,1,1
BRDA:970,166,0,0
BRDA:970,166,1,1
BRDA:971,167,0,0
BRDA:971,167,1,1
BRDA:972,168,0,1
BRDA:972,168,1,0
BRDA:973,169,0,0
BRDA:973,169,1,1
BRDA:974,170,0,0
BRDA:974,170,1,1
BRDA:976,171,0,0
BRDA:976,171,1,7
BRDA:976,172,0,7
BRDA:976,172,1,0
BRDA:994,173,0,0
BRDA:994,173,1,7
BRDA:1003,174,0,0
BRDA:1003,174,1,7
BRDA:1013,175,0,0
BRDA:1013,175,1,7
BRDA:1021,176,0,0
BRDA:1021,176,1,7
BRDA:1032,177,0,0
BRDA:1032,177,1,7
BRDA:1033,178,0,0
BRDA:1033,178,1,7
BRDA:1034,179,0,0
BRDA:1034,179,1,7
BRDA:1035,180,0,0
BRDA:1035,180,1,7
BRDA:1036,181,0,0
BRDA:1036,181,1,7
BRDA:1060,182,0,0
BRDA:1060,182,1,7
BRDA:1062,183,0,0
BRDA:1062,183,1,0
BRDA:1074,184,0,0
BRDA:1074,184,1,0
BRDA:1074,185,0,0
BRDA:1074,185,1,0
BRDA:1074,185,2,0
BRDA:1075,186,0,0
BRDA:1075,186,1,0
BRDA:1075,187,0,0
BRDA:1075,187,1,0
BRDA:1087,188,0,0
BRDA:1087,188,1,0
BRDA:1092,189,0,0
BRDA:1092,189,1,0
BRDA:1093,190,0,0
BRDA:1093,190,1,0
BRDA:1104,191,0,0
BRDA:1104,191,1,0
BRDA:1105,192,0,0
BRDA:1105,192,1,0
BRDA:1106,193,0,0
BRDA:1106,193,1,0
BRDA:1107,194,0,0
BRDA:1107,194,1,0
BRDA:1111,195,0,1
BRDA:1111,195,1,8
BRDA:1116,196,0,1
BRDA:1116,196,1,8
BRDA:1122,197,0,0
BRDA:1122,197,1,1
BRDA:1124,198,0,0
BRDA:1124,198,1,1
BRDA:1141,199,0,9
BRDA:1141,199,1,1
BRDA:1142,200,0,1
BRDA:1142,200,1,8
BRDA:1146,201,0,1
BRDA:1146,201,1,9
BRDA:1146,202,0,10
BRDA:1146,202,1,1
BRDA:1155,203,0,1
BRDA:1155,203,1,8
BRDA:1164,204,0,1
BRDA:1164,204,1,7
BRDA:1165,205,0,1
BRDA:1165,205,1,0
BRDA:1184,206,0,6
BRDA:1184,206,1,1
BRDA:1185,207,0,0
BRDA:1185,207,1,6
BRDA:1229,208,0,3
BRDA:1229,208,1,4
BRF:423
BRH:135
end_of_record
